INFO - 2025-10-20 20:46:16 --> Session: Class initialized using 'CodeIgniter\Session\Handlers\FileHandler' driver.
INFO - 2025-10-20 20:46:16 --> Session: Class initialized using 'CodeIgniter\Session\Handlers\FileHandler' driver.
INFO - 2025-10-20 20:46:17 --> Session: Class initialized using 'CodeIgniter\Session\Handlers\FileHandler' driver.
INFO - 2025-10-20 20:46:17 --> Session: Class initialized using 'CodeIgniter\Session\Handlers\FileHandler' driver.
INFO - 2025-10-20 20:46:17 --> Session: Class initialized using 'CodeIgniter\Session\Handlers\FileHandler' driver.
INFO - 2025-10-20 20:46:17 --> Session: Class initialized using 'CodeIgniter\Session\Handlers\FileHandler' driver.
INFO - 2025-10-20 20:46:17 --> Session: Class initialized using 'CodeIgniter\Session\Handlers\FileHandler' driver.
INFO - 2025-10-20 20:46:17 --> Session: Class initialized using 'CodeIgniter\Session\Handlers\FileHandler' driver.
INFO - 2025-10-20 20:46:17 --> Session: Class initialized using 'CodeIgniter\Session\Handlers\FileHandler' driver.
INFO - 2025-10-20 20:46:18 --> Session: Class initialized using 'CodeIgniter\Session\Handlers\FileHandler' driver.
INFO - 2025-10-20 20:46:18 --> Session: Class initialized using 'CodeIgniter\Session\Handlers\FileHandler' driver.
INFO - 2025-10-20 20:46:18 --> Session: Class initialized using 'CodeIgniter\Session\Handlers\FileHandler' driver.
INFO - 2025-10-20 20:46:18 --> Session: Class initialized using 'CodeIgniter\Session\Handlers\FileHandler' driver.
INFO - 2025-10-20 20:46:18 --> Session: Class initialized using 'CodeIgniter\Session\Handlers\FileHandler' driver.
INFO - 2025-10-20 20:46:19 --> Session: Class initialized using 'CodeIgniter\Session\Handlers\FileHandler' driver.
INFO - 2025-10-20 20:46:19 --> Session: Class initialized using 'CodeIgniter\Session\Handlers\FileHandler' driver.
INFO - 2025-10-20 20:46:19 --> Session: Class initialized using 'CodeIgniter\Session\Handlers\FileHandler' driver.
INFO - 2025-10-20 20:46:19 --> Session: Class initialized using 'CodeIgniter\Session\Handlers\FileHandler' driver.
INFO - 2025-10-20 20:46:19 --> Session: Class initialized using 'CodeIgniter\Session\Handlers\FileHandler' driver.
INFO - 2025-10-20 20:46:19 --> Session: Class initialized using 'CodeIgniter\Session\Handlers\FileHandler' driver.
INFO - 2025-10-20 20:46:21 --> Session: Class initialized using 'CodeIgniter\Session\Handlers\FileHandler' driver.
INFO - 2025-10-20 20:46:21 --> Session: Class initialized using 'CodeIgniter\Session\Handlers\FileHandler' driver.
INFO - 2025-10-20 20:46:21 --> Session: Class initialized using 'CodeIgniter\Session\Handlers\FileHandler' driver.
INFO - 2025-10-20 20:46:21 --> Session: Class initialized using 'CodeIgniter\Session\Handlers\FileHandler' driver.
INFO - 2025-10-20 20:46:21 --> Session: Class initialized using 'CodeIgniter\Session\Handlers\FileHandler' driver.
INFO - 2025-10-20 20:46:22 --> Session: Class initialized using 'CodeIgniter\Session\Handlers\FileHandler' driver.
INFO - 2025-10-20 20:46:22 --> Session: Class initialized using 'CodeIgniter\Session\Handlers\FileHandler' driver.
INFO - 2025-10-20 20:46:22 --> Session: Class initialized using 'CodeIgniter\Session\Handlers\FileHandler' driver.
INFO - 2025-10-20 20:46:22 --> Session: Class initialized using 'CodeIgniter\Session\Handlers\FileHandler' driver.
INFO - 2025-10-20 20:46:22 --> Session: Class initialized using 'CodeIgniter\Session\Handlers\FileHandler' driver.
INFO - 2025-10-20 20:46:22 --> Session: Class initialized using 'CodeIgniter\Session\Handlers\FileHandler' driver.
INFO - 2025-10-20 20:46:23 --> Session: Class initialized using 'CodeIgniter\Session\Handlers\FileHandler' driver.
INFO - 2025-10-20 20:46:23 --> Session: Class initialized using 'CodeIgniter\Session\Handlers\FileHandler' driver.
INFO - 2025-10-20 20:46:23 --> Session: Class initialized using 'CodeIgniter\Session\Handlers\FileHandler' driver.
INFO - 2025-10-20 20:46:23 --> Session: Class initialized using 'CodeIgniter\Session\Handlers\FileHandler' driver.
INFO - 2025-10-20 20:46:23 --> Session: Class initialized using 'CodeIgniter\Session\Handlers\FileHandler' driver.
INFO - 2025-10-20 20:46:23 --> Session: Class initialized using 'CodeIgniter\Session\Handlers\FileHandler' driver.
INFO - 2025-10-20 20:46:24 --> Session: Class initialized using 'CodeIgniter\Session\Handlers\FileHandler' driver.
INFO - 2025-10-20 20:46:24 --> Session: Class initialized using 'CodeIgniter\Session\Handlers\FileHandler' driver.
INFO - 2025-10-20 20:46:24 --> Session: Class initialized using 'CodeIgniter\Session\Handlers\FileHandler' driver.
INFO - 2025-10-20 20:46:26 --> Session: Class initialized using 'CodeIgniter\Session\Handlers\FileHandler' driver.
INFO - 2025-10-20 20:46:26 --> Session: Class initialized using 'CodeIgniter\Session\Handlers\FileHandler' driver.
INFO - 2025-10-20 20:46:26 --> Session: Class initialized using 'CodeIgniter\Session\Handlers\FileHandler' driver.
INFO - 2025-10-20 20:46:26 --> Session: Class initialized using 'CodeIgniter\Session\Handlers\FileHandler' driver.
INFO - 2025-10-20 20:46:27 --> Session: Class initialized using 'CodeIgniter\Session\Handlers\FileHandler' driver.
INFO - 2025-10-20 20:46:27 --> Session: Class initialized using 'CodeIgniter\Session\Handlers\FileHandler' driver.
INFO - 2025-10-20 20:46:27 --> Session: Class initialized using 'CodeIgniter\Session\Handlers\FileHandler' driver.
INFO - 2025-10-20 20:46:27 --> Session: Class initialized using 'CodeIgniter\Session\Handlers\FileHandler' driver.
INFO - 2025-10-20 20:46:27 --> Session: Class initialized using 'CodeIgniter\Session\Handlers\FileHandler' driver.
INFO - 2025-10-20 20:46:28 --> Session: Class initialized using 'CodeIgniter\Session\Handlers\FileHandler' driver.
INFO - 2025-10-20 20:46:28 --> Session: Class initialized using 'CodeIgniter\Session\Handlers\FileHandler' driver.
INFO - 2025-10-20 20:46:28 --> Session: Class initialized using 'CodeIgniter\Session\Handlers\FileHandler' driver.
INFO - 2025-10-20 20:46:28 --> Session: Class initialized using 'CodeIgniter\Session\Handlers\FileHandler' driver.
INFO - 2025-10-20 20:46:28 --> Session: Class initialized using 'CodeIgniter\Session\Handlers\FileHandler' driver.
INFO - 2025-10-20 20:46:28 --> Session: Class initialized using 'CodeIgniter\Session\Handlers\FileHandler' driver.
INFO - 2025-10-20 20:46:29 --> Session: Class initialized using 'CodeIgniter\Session\Handlers\FileHandler' driver.
INFO - 2025-10-20 20:46:29 --> Session: Class initialized using 'CodeIgniter\Session\Handlers\FileHandler' driver.
INFO - 2025-10-20 20:46:29 --> Session: Class initialized using 'CodeIgniter\Session\Handlers\FileHandler' driver.
INFO - 2025-10-20 20:46:29 --> Session: Class initialized using 'CodeIgniter\Session\Handlers\FileHandler' driver.
INFO - 2025-10-20 20:46:29 --> Session: Class initialized using 'CodeIgniter\Session\Handlers\FileHandler' driver.
INFO - 2025-10-20 20:46:30 --> Session: Class initialized using 'CodeIgniter\Session\Handlers\FileHandler' driver.
INFO - 2025-10-20 20:46:31 --> Session: Class initialized using 'CodeIgniter\Session\Handlers\FileHandler' driver.
INFO - 2025-10-20 20:46:31 --> Session: Class initialized using 'CodeIgniter\Session\Handlers\FileHandler' driver.
INFO - 2025-10-20 20:46:31 --> Session: Class initialized using 'CodeIgniter\Session\Handlers\FileHandler' driver.
INFO - 2025-10-20 20:46:31 --> Session: Class initialized using 'CodeIgniter\Session\Handlers\FileHandler' driver.
INFO - 2025-10-20 20:46:31 --> Session: Class initialized using 'CodeIgniter\Session\Handlers\FileHandler' driver.
INFO - 2025-10-20 20:46:32 --> Session: Class initialized using 'CodeIgniter\Session\Handlers\FileHandler' driver.
INFO - 2025-10-20 20:46:32 --> Session: Class initialized using 'CodeIgniter\Session\Handlers\FileHandler' driver.
INFO - 2025-10-20 20:46:32 --> Session: Class initialized using 'CodeIgniter\Session\Handlers\FileHandler' driver.
INFO - 2025-10-20 20:46:32 --> Session: Class initialized using 'CodeIgniter\Session\Handlers\FileHandler' driver.
INFO - 2025-10-20 20:46:32 --> Session: Class initialized using 'CodeIgniter\Session\Handlers\FileHandler' driver.
INFO - 2025-10-20 20:46:33 --> Session: Class initialized using 'CodeIgniter\Session\Handlers\FileHandler' driver.
INFO - 2025-10-20 20:46:33 --> Session: Class initialized using 'CodeIgniter\Session\Handlers\FileHandler' driver.
INFO - 2025-10-20 20:46:33 --> Session: Class initialized using 'CodeIgniter\Session\Handlers\FileHandler' driver.
INFO - 2025-10-20 20:46:33 --> Session: Class initialized using 'CodeIgniter\Session\Handlers\FileHandler' driver.
INFO - 2025-10-20 20:46:33 --> Session: Class initialized using 'CodeIgniter\Session\Handlers\FileHandler' driver.
INFO - 2025-10-20 20:46:33 --> Session: Class initialized using 'CodeIgniter\Session\Handlers\FileHandler' driver.
INFO - 2025-10-20 20:46:33 --> Session: Class initialized using 'CodeIgniter\Session\Handlers\FileHandler' driver.
INFO - 2025-10-20 20:46:34 --> Session: Class initialized using 'CodeIgniter\Session\Handlers\FileHandler' driver.
INFO - 2025-10-20 20:46:34 --> Session: Class initialized using 'CodeIgniter\Session\Handlers\FileHandler' driver.
INFO - 2025-10-20 20:46:37 --> Session: Class initialized using 'CodeIgniter\Session\Handlers\FileHandler' driver.
INFO - 2025-10-20 20:46:37 --> Session: Class initialized using 'CodeIgniter\Session\Handlers\FileHandler' driver.
INFO - 2025-10-20 20:46:37 --> Session: Class initialized using 'CodeIgniter\Session\Handlers\FileHandler' driver.
INFO - 2025-10-20 20:46:37 --> Session: Class initialized using 'CodeIgniter\Session\Handlers\FileHandler' driver.
INFO - 2025-10-20 20:46:37 --> Session: Class initialized using 'CodeIgniter\Session\Handlers\FileHandler' driver.
INFO - 2025-10-20 20:46:38 --> Session: Class initialized using 'CodeIgniter\Session\Handlers\FileHandler' driver.
INFO - 2025-10-20 20:46:38 --> Session: Class initialized using 'CodeIgniter\Session\Handlers\FileHandler' driver.
INFO - 2025-10-20 20:46:38 --> Session: Class initialized using 'CodeIgniter\Session\Handlers\FileHandler' driver.
INFO - 2025-10-20 20:46:38 --> Session: Class initialized using 'CodeIgniter\Session\Handlers\FileHandler' driver.
INFO - 2025-10-20 20:46:38 --> Session: Class initialized using 'CodeIgniter\Session\Handlers\FileHandler' driver.
INFO - 2025-10-20 20:46:38 --> Session: Class initialized using 'CodeIgniter\Session\Handlers\FileHandler' driver.
INFO - 2025-10-20 20:46:39 --> Session: Class initialized using 'CodeIgniter\Session\Handlers\FileHandler' driver.
INFO - 2025-10-20 20:46:39 --> Session: Class initialized using 'CodeIgniter\Session\Handlers\FileHandler' driver.
INFO - 2025-10-20 20:46:39 --> Session: Class initialized using 'CodeIgniter\Session\Handlers\FileHandler' driver.
INFO - 2025-10-20 20:46:39 --> Session: Class initialized using 'CodeIgniter\Session\Handlers\FileHandler' driver.
INFO - 2025-10-20 20:46:39 --> Session: Class initialized using 'CodeIgniter\Session\Handlers\FileHandler' driver.
INFO - 2025-10-20 20:46:39 --> Session: Class initialized using 'CodeIgniter\Session\Handlers\FileHandler' driver.
INFO - 2025-10-20 20:46:39 --> Session: Class initialized using 'CodeIgniter\Session\Handlers\FileHandler' driver.
INFO - 2025-10-20 20:46:40 --> Session: Class initialized using 'CodeIgniter\Session\Handlers\FileHandler' driver.
INFO - 2025-10-20 20:46:40 --> Session: Class initialized using 'CodeIgniter\Session\Handlers\FileHandler' driver.
INFO - 2025-10-20 20:46:41 --> Session: Class initialized using 'CodeIgniter\Session\Handlers\FileHandler' driver.
INFO - 2025-10-20 20:46:41 --> Session: Class initialized using 'CodeIgniter\Session\Handlers\FileHandler' driver.
INFO - 2025-10-20 20:46:41 --> Session: Class initialized using 'CodeIgniter\Session\Handlers\FileHandler' driver.
INFO - 2025-10-20 20:46:42 --> Session: Class initialized using 'CodeIgniter\Session\Handlers\FileHandler' driver.
INFO - 2025-10-20 20:46:42 --> Session: Class initialized using 'CodeIgniter\Session\Handlers\FileHandler' driver.
INFO - 2025-10-20 20:46:42 --> Session: Class initialized using 'CodeIgniter\Session\Handlers\FileHandler' driver.
INFO - 2025-10-20 20:46:42 --> Session: Class initialized using 'CodeIgniter\Session\Handlers\FileHandler' driver.
INFO - 2025-10-20 20:46:42 --> Session: Class initialized using 'CodeIgniter\Session\Handlers\FileHandler' driver.
INFO - 2025-10-20 20:46:43 --> Session: Class initialized using 'CodeIgniter\Session\Handlers\FileHandler' driver.
INFO - 2025-10-20 20:46:43 --> Session: Class initialized using 'CodeIgniter\Session\Handlers\FileHandler' driver.
INFO - 2025-10-20 20:46:43 --> Session: Class initialized using 'CodeIgniter\Session\Handlers\FileHandler' driver.
INFO - 2025-10-20 20:46:43 --> Session: Class initialized using 'CodeIgniter\Session\Handlers\FileHandler' driver.
INFO - 2025-10-20 20:46:43 --> Session: Class initialized using 'CodeIgniter\Session\Handlers\FileHandler' driver.
INFO - 2025-10-20 20:46:44 --> Session: Class initialized using 'CodeIgniter\Session\Handlers\FileHandler' driver.
INFO - 2025-10-20 20:46:44 --> Session: Class initialized using 'CodeIgniter\Session\Handlers\FileHandler' driver.
INFO - 2025-10-20 20:46:44 --> Session: Class initialized using 'CodeIgniter\Session\Handlers\FileHandler' driver.
INFO - 2025-10-20 20:46:44 --> Session: Class initialized using 'CodeIgniter\Session\Handlers\FileHandler' driver.
INFO - 2025-10-20 20:46:44 --> Session: Class initialized using 'CodeIgniter\Session\Handlers\FileHandler' driver.
INFO - 2025-10-20 20:46:45 --> Session: Class initialized using 'CodeIgniter\Session\Handlers\FileHandler' driver.
INFO - 2025-10-20 20:46:45 --> Session: Class initialized using 'CodeIgniter\Session\Handlers\FileHandler' driver.
INFO - 2025-10-20 20:46:50 --> Session: Class initialized using 'CodeIgniter\Session\Handlers\FileHandler' driver.
INFO - 2025-10-20 20:46:51 --> Session: Class initialized using 'CodeIgniter\Session\Handlers\FileHandler' driver.
INFO - 2025-10-20 20:46:51 --> Session: Class initialized using 'CodeIgniter\Session\Handlers\FileHandler' driver.
INFO - 2025-10-20 20:46:51 --> Session: Class initialized using 'CodeIgniter\Session\Handlers\FileHandler' driver.
INFO - 2025-10-20 20:46:51 --> Session: Class initialized using 'CodeIgniter\Session\Handlers\FileHandler' driver.
INFO - 2025-10-20 20:46:52 --> Session: Class initialized using 'CodeIgniter\Session\Handlers\FileHandler' driver.
INFO - 2025-10-20 20:46:52 --> Session: Class initialized using 'CodeIgniter\Session\Handlers\FileHandler' driver.
INFO - 2025-10-20 20:46:52 --> Session: Class initialized using 'CodeIgniter\Session\Handlers\FileHandler' driver.
INFO - 2025-10-20 20:46:52 --> Session: Class initialized using 'CodeIgniter\Session\Handlers\FileHandler' driver.
INFO - 2025-10-20 20:46:53 --> Session: Class initialized using 'CodeIgniter\Session\Handlers\FileHandler' driver.
INFO - 2025-10-20 20:46:53 --> Session: Class initialized using 'CodeIgniter\Session\Handlers\FileHandler' driver.
INFO - 2025-10-20 20:46:53 --> Session: Class initialized using 'CodeIgniter\Session\Handlers\FileHandler' driver.
INFO - 2025-10-20 20:46:54 --> Session: Class initialized using 'CodeIgniter\Session\Handlers\FileHandler' driver.
INFO - 2025-10-20 20:46:54 --> Session: Class initialized using 'CodeIgniter\Session\Handlers\FileHandler' driver.
INFO - 2025-10-20 20:46:54 --> Session: Class initialized using 'CodeIgniter\Session\Handlers\FileHandler' driver.
INFO - 2025-10-20 20:46:54 --> Session: Class initialized using 'CodeIgniter\Session\Handlers\FileHandler' driver.
INFO - 2025-10-20 20:46:54 --> Session: Class initialized using 'CodeIgniter\Session\Handlers\FileHandler' driver.
INFO - 2025-10-20 20:46:54 --> Session: Class initialized using 'CodeIgniter\Session\Handlers\FileHandler' driver.
INFO - 2025-10-20 20:46:55 --> Session: Class initialized using 'CodeIgniter\Session\Handlers\FileHandler' driver.
INFO - 2025-10-20 20:46:55 --> Session: Class initialized using 'CodeIgniter\Session\Handlers\FileHandler' driver.
INFO - 2025-10-20 20:47:02 --> Session: Class initialized using 'CodeIgniter\Session\Handlers\FileHandler' driver.
INFO - 2025-10-20 20:47:02 --> Session: Class initialized using 'CodeIgniter\Session\Handlers\FileHandler' driver.
INFO - 2025-10-20 20:47:03 --> Session: Class initialized using 'CodeIgniter\Session\Handlers\FileHandler' driver.
INFO - 2025-10-20 20:47:03 --> Session: Class initialized using 'CodeIgniter\Session\Handlers\FileHandler' driver.
INFO - 2025-10-20 20:47:03 --> Session: Class initialized using 'CodeIgniter\Session\Handlers\FileHandler' driver.
INFO - 2025-10-20 20:47:03 --> Session: Class initialized using 'CodeIgniter\Session\Handlers\FileHandler' driver.
INFO - 2025-10-20 20:47:03 --> Session: Class initialized using 'CodeIgniter\Session\Handlers\FileHandler' driver.
INFO - 2025-10-20 20:47:03 --> Session: Class initialized using 'CodeIgniter\Session\Handlers\FileHandler' driver.
INFO - 2025-10-20 20:47:04 --> Session: Class initialized using 'CodeIgniter\Session\Handlers\FileHandler' driver.
INFO - 2025-10-20 20:47:04 --> Session: Class initialized using 'CodeIgniter\Session\Handlers\FileHandler' driver.
INFO - 2025-10-20 20:47:04 --> Session: Class initialized using 'CodeIgniter\Session\Handlers\FileHandler' driver.
INFO - 2025-10-20 20:47:04 --> Session: Class initialized using 'CodeIgniter\Session\Handlers\FileHandler' driver.
INFO - 2025-10-20 20:47:04 --> Session: Class initialized using 'CodeIgniter\Session\Handlers\FileHandler' driver.
INFO - 2025-10-20 20:47:04 --> Session: Class initialized using 'CodeIgniter\Session\Handlers\FileHandler' driver.
INFO - 2025-10-20 20:47:05 --> Session: Class initialized using 'CodeIgniter\Session\Handlers\FileHandler' driver.
INFO - 2025-10-20 20:47:05 --> Session: Class initialized using 'CodeIgniter\Session\Handlers\FileHandler' driver.
INFO - 2025-10-20 20:47:05 --> Session: Class initialized using 'CodeIgniter\Session\Handlers\FileHandler' driver.
INFO - 2025-10-20 20:47:05 --> Session: Class initialized using 'CodeIgniter\Session\Handlers\FileHandler' driver.
INFO - 2025-10-20 20:47:05 --> Session: Class initialized using 'CodeIgniter\Session\Handlers\FileHandler' driver.
INFO - 2025-10-20 20:47:05 --> Session: Class initialized using 'CodeIgniter\Session\Handlers\FileHandler' driver.
INFO - 2025-10-20 20:47:07 --> Session: Class initialized using 'CodeIgniter\Session\Handlers\FileHandler' driver.
INFO - 2025-10-20 20:47:07 --> Session: Class initialized using 'CodeIgniter\Session\Handlers\FileHandler' driver.
INFO - 2025-10-20 20:47:07 --> Session: Class initialized using 'CodeIgniter\Session\Handlers\FileHandler' driver.
INFO - 2025-10-20 20:47:08 --> Session: Class initialized using 'CodeIgniter\Session\Handlers\FileHandler' driver.
INFO - 2025-10-20 20:47:08 --> Session: Class initialized using 'CodeIgniter\Session\Handlers\FileHandler' driver.
INFO - 2025-10-20 20:47:09 --> Session: Class initialized using 'CodeIgniter\Session\Handlers\FileHandler' driver.
INFO - 2025-10-20 20:47:10 --> Session: Class initialized using 'CodeIgniter\Session\Handlers\FileHandler' driver.
INFO - 2025-10-20 20:47:11 --> Session: Class initialized using 'CodeIgniter\Session\Handlers\FileHandler' driver.
INFO - 2025-10-20 20:47:11 --> Session: Class initialized using 'CodeIgniter\Session\Handlers\FileHandler' driver.
INFO - 2025-10-20 20:47:11 --> Session: Class initialized using 'CodeIgniter\Session\Handlers\FileHandler' driver.
INFO - 2025-10-20 20:47:11 --> Session: Class initialized using 'CodeIgniter\Session\Handlers\FileHandler' driver.
INFO - 2025-10-20 20:47:11 --> Session: Class initialized using 'CodeIgniter\Session\Handlers\FileHandler' driver.
INFO - 2025-10-20 20:47:11 --> Session: Class initialized using 'CodeIgniter\Session\Handlers\FileHandler' driver.
INFO - 2025-10-20 20:47:12 --> Session: Class initialized using 'CodeIgniter\Session\Handlers\FileHandler' driver.
INFO - 2025-10-20 20:47:12 --> Session: Class initialized using 'CodeIgniter\Session\Handlers\FileHandler' driver.
INFO - 2025-10-20 20:47:12 --> Session: Class initialized using 'CodeIgniter\Session\Handlers\FileHandler' driver.
INFO - 2025-10-20 20:47:12 --> Session: Class initialized using 'CodeIgniter\Session\Handlers\FileHandler' driver.
INFO - 2025-10-20 20:47:12 --> Session: Class initialized using 'CodeIgniter\Session\Handlers\FileHandler' driver.
INFO - 2025-10-20 20:47:13 --> Session: Class initialized using 'CodeIgniter\Session\Handlers\FileHandler' driver.
INFO - 2025-10-20 20:47:13 --> Session: Class initialized using 'CodeIgniter\Session\Handlers\FileHandler' driver.
INFO - 2025-10-20 20:47:18 --> Session: Class initialized using 'CodeIgniter\Session\Handlers\FileHandler' driver.
INFO - 2025-10-20 20:47:18 --> Session: Class initialized using 'CodeIgniter\Session\Handlers\FileHandler' driver.
INFO - 2025-10-20 20:47:19 --> Session: Class initialized using 'CodeIgniter\Session\Handlers\FileHandler' driver.
INFO - 2025-10-20 20:47:19 --> Session: Class initialized using 'CodeIgniter\Session\Handlers\FileHandler' driver.
INFO - 2025-10-20 20:47:19 --> Session: Class initialized using 'CodeIgniter\Session\Handlers\FileHandler' driver.
INFO - 2025-10-20 20:47:19 --> Session: Class initialized using 'CodeIgniter\Session\Handlers\FileHandler' driver.
INFO - 2025-10-20 20:47:20 --> Session: Class initialized using 'CodeIgniter\Session\Handlers\FileHandler' driver.
INFO - 2025-10-20 20:47:20 --> Session: Class initialized using 'CodeIgniter\Session\Handlers\FileHandler' driver.
INFO - 2025-10-20 20:47:20 --> Session: Class initialized using 'CodeIgniter\Session\Handlers\FileHandler' driver.
INFO - 2025-10-20 20:47:20 --> Session: Class initialized using 'CodeIgniter\Session\Handlers\FileHandler' driver.
INFO - 2025-10-20 20:47:21 --> Session: Class initialized using 'CodeIgniter\Session\Handlers\FileHandler' driver.
INFO - 2025-10-20 20:47:21 --> Session: Class initialized using 'CodeIgniter\Session\Handlers\FileHandler' driver.
INFO - 2025-10-20 20:47:21 --> Session: Class initialized using 'CodeIgniter\Session\Handlers\FileHandler' driver.
INFO - 2025-10-20 20:47:22 --> Session: Class initialized using 'CodeIgniter\Session\Handlers\FileHandler' driver.
INFO - 2025-10-20 20:49:18 --> Session: Class initialized using 'CodeIgniter\Session\Handlers\FileHandler' driver.
INFO - 2025-10-20 20:49:26 --> Session: Class initialized using 'CodeIgniter\Session\Handlers\FileHandler' driver.
INFO - 2025-10-20 20:50:06 --> Session: Class initialized using 'CodeIgniter\Session\Handlers\FileHandler' driver.
INFO - 2025-10-20 20:50:13 --> Session: Class initialized using 'CodeIgniter\Session\Handlers\FileHandler' driver.
INFO - 2025-10-20 20:50:13 --> Session: Class initialized using 'CodeIgniter\Session\Handlers\FileHandler' driver.
INFO - 2025-10-20 20:52:42 --> Session: Class initialized using 'CodeIgniter\Session\Handlers\FileHandler' driver.
INFO - 2025-10-20 20:52:56 --> Session: Class initialized using 'CodeIgniter\Session\Handlers\FileHandler' driver.
INFO - 2025-10-20 20:56:24 --> Session: Class initialized using 'CodeIgniter\Session\Handlers\FileHandler' driver.
INFO - 2025-10-20 20:56:46 --> Session: Class initialized using 'CodeIgniter\Session\Handlers\FileHandler' driver.
INFO - 2025-10-20 20:56:46 --> Session: Class initialized using 'CodeIgniter\Session\Handlers\FileHandler' driver.
INFO - 2025-10-20 20:56:53 --> Session: Class initialized using 'CodeIgniter\Session\Handlers\FileHandler' driver.
INFO - 2025-10-20 20:56:54 --> Session: Class initialized using 'CodeIgniter\Session\Handlers\FileHandler' driver.
INFO - 2025-10-20 20:56:59 --> Session: Class initialized using 'CodeIgniter\Session\Handlers\FileHandler' driver.
INFO - 2025-10-20 20:57:06 --> Session: Class initialized using 'CodeIgniter\Session\Handlers\FileHandler' driver.
INFO - 2025-10-20 20:57:15 --> Session: Class initialized using 'CodeIgniter\Session\Handlers\FileHandler' driver.
INFO - 2025-10-20 21:07:18 --> Session: Class initialized using 'CodeIgniter\Session\Handlers\FileHandler' driver.
INFO - 2025-10-20 21:07:24 --> Session: Class initialized using 'CodeIgniter\Session\Handlers\FileHandler' driver.
ERROR - 2025-10-20 21:07:24 --> mysqli_sql_exception: Expression #1 of SELECT list is not in GROUP BY clause and contains nonaggregated column 'dbfinancialnote.sale.transaksi_date' which is not functionally dependent on columns in GROUP BY clause; this is incompatible with sql_mode=only_full_group_by in C:\laragon\www\financial-note\system\Database\MySQLi\Connection.php:312
Stack trace:
#0 C:\laragon\www\financial-note\system\Database\MySQLi\Connection.php(312): mysqli->query('\n            SE...', 0)
#1 C:\laragon\www\financial-note\system\Database\BaseConnection.php(734): CodeIgniter\Database\MySQLi\Connection->execute('\n            SE...')
#2 C:\laragon\www\financial-note\system\Database\BaseConnection.php(648): CodeIgniter\Database\BaseConnection->simpleQuery('\n            SE...')
#3 C:\laragon\www\financial-note\system\Model.php(926): CodeIgniter\Database\BaseConnection->query('\n            SE...')
#4 C:\laragon\www\financial-note\app\Models\SaleModel.php(165): CodeIgniter\Model->__call('query', Array)
#5 C:\laragon\www\financial-note\app\Controllers\Owner\Laporan.php(41): App\Models\SaleModel->getDataLaporanPenjualanProdukHarian('2025-10')
#6 C:\laragon\www\financial-note\system\CodeIgniter.php(933): App\Controllers\Owner\Laporan->laporanpenjualanharian('2025-10')
#7 C:\laragon\www\financial-note\system\CodeIgniter.php(509): CodeIgniter\CodeIgniter->runController(Object(App\Controllers\Owner\Laporan))
#8 C:\laragon\www\financial-note\system\CodeIgniter.php(355): CodeIgniter\CodeIgniter->handleRequest(NULL, Object(Config\Cache), false)
#9 C:\laragon\www\financial-note\system\Boot.php(325): CodeIgniter\CodeIgniter->run()
#10 C:\laragon\www\financial-note\system\Boot.php(67): CodeIgniter\Boot::runCodeIgniter(Object(CodeIgniter\CodeIgniter))
#11 C:\laragon\www\financial-note\public\index.php(56): CodeIgniter\Boot::bootWeb(Object(Config\Paths))
#12 {main}
CRITICAL - 2025-10-20 21:07:24 --> CodeIgniter\Database\Exceptions\DatabaseException: Expression #1 of SELECT list is not in GROUP BY clause and contains nonaggregated column 'dbfinancialnote.sale.transaksi_date' which is not functionally dependent on columns in GROUP BY clause; this is incompatible with sql_mode=only_full_group_by
[Method: GET, Route: laporan-penjualan/2025-10]
in SYSTEMPATH\Database\BaseConnection.php on line 688.
 1 SYSTEMPATH\Model.php(926): CodeIgniter\Database\BaseConnection->query('
            SELECT 
                DATE_FORMAT(transaksi_date, \'%Y-%m\') AS bulan,
                DATE_FORMAT(transaksi_date, \'%Y-%m\') AS bulan_angka,
                DATE_FORMAT(transaksi_date, \'%Y-%m-%d\') AS tanggal,
                DATE_FORMAT(transaksi_date, \'%Y-%m-%d\') AS tanggal_angka,
                SUM(total_price) AS total_price,
                COUNT(id) AS jumlah_transaksi
            FROM 
                sale 
            WHERE DATE_FORMAT(transaksi_date, \'%Y-%m\') = \'2025-10\'
            GROUP BY 
                DATE_FORMAT(transaksi_date, \'%Y-%m-%d\')
            ORDER BY 
                DATE_FORMAT(transaksi_date, \'%Y-%m-%d\') ASC;
        ')
 2 APPPATH\Models\SaleModel.php(165): CodeIgniter\Model->__call('query', [...])
 3 APPPATH\Controllers\Owner\Laporan.php(41): App\Models\SaleModel->getDataLaporanPenjualanProdukHarian('2025-10')
 4 SYSTEMPATH\CodeIgniter.php(933): App\Controllers\Owner\Laporan->laporanpenjualanharian('2025-10')
 5 SYSTEMPATH\CodeIgniter.php(509): CodeIgniter\CodeIgniter->runController(Object(App\Controllers\Owner\Laporan))
 6 SYSTEMPATH\CodeIgniter.php(355): CodeIgniter\CodeIgniter->handleRequest(null, Object(Config\Cache), false)
 7 SYSTEMPATH\Boot.php(325): CodeIgniter\CodeIgniter->run()
 8 SYSTEMPATH\Boot.php(67): CodeIgniter\Boot::runCodeIgniter(Object(CodeIgniter\CodeIgniter))
 9 FCPATH\index.php(56): CodeIgniter\Boot::bootWeb(Object(Config\Paths))
CRITICAL - 2025-10-20 21:07:24 --> [Caused by] CodeIgniter\Database\Exceptions\DatabaseException: Expression #1 of SELECT list is not in GROUP BY clause and contains nonaggregated column 'dbfinancialnote.sale.transaksi_date' which is not functionally dependent on columns in GROUP BY clause; this is incompatible with sql_mode=only_full_group_by
in SYSTEMPATH\Database\MySQLi\Connection.php on line 317.
 1 SYSTEMPATH\Database\BaseConnection.php(734): CodeIgniter\Database\MySQLi\Connection->execute('
            SELECT 
                DATE_FORMAT(transaksi_date, \'%Y-%m\') AS bulan,
                DATE_FORMAT(transaksi_date, \'%Y-%m\') AS bulan_angka,
                DATE_FORMAT(transaksi_date, \'%Y-%m-%d\') AS tanggal,
                DATE_FORMAT(transaksi_date, \'%Y-%m-%d\') AS tanggal_angka,
                SUM(total_price) AS total_price,
                COUNT(id) AS jumlah_transaksi
            FROM 
                sale 
            WHERE DATE_FORMAT(transaksi_date, \'%Y-%m\') = \'2025-10\'
            GROUP BY 
                DATE_FORMAT(transaksi_date, \'%Y-%m-%d\')
            ORDER BY 
                DATE_FORMAT(transaksi_date, \'%Y-%m-%d\') ASC;
        ')
 2 SYSTEMPATH\Database\BaseConnection.php(648): CodeIgniter\Database\BaseConnection->simpleQuery('
            SELECT 
                DATE_FORMAT(transaksi_date, \'%Y-%m\') AS bulan,
                DATE_FORMAT(transaksi_date, \'%Y-%m\') AS bulan_angka,
                DATE_FORMAT(transaksi_date, \'%Y-%m-%d\') AS tanggal,
                DATE_FORMAT(transaksi_date, \'%Y-%m-%d\') AS tanggal_angka,
                SUM(total_price) AS total_price,
                COUNT(id) AS jumlah_transaksi
            FROM 
                sale 
            WHERE DATE_FORMAT(transaksi_date, \'%Y-%m\') = \'2025-10\'
            GROUP BY 
                DATE_FORMAT(transaksi_date, \'%Y-%m-%d\')
            ORDER BY 
                DATE_FORMAT(transaksi_date, \'%Y-%m-%d\') ASC;
        ')
 3 SYSTEMPATH\Model.php(926): CodeIgniter\Database\BaseConnection->query('
            SELECT 
                DATE_FORMAT(transaksi_date, \'%Y-%m\') AS bulan,
                DATE_FORMAT(transaksi_date, \'%Y-%m\') AS bulan_angka,
                DATE_FORMAT(transaksi_date, \'%Y-%m-%d\') AS tanggal,
                DATE_FORMAT(transaksi_date, \'%Y-%m-%d\') AS tanggal_angka,
                SUM(total_price) AS total_price,
                COUNT(id) AS jumlah_transaksi
            FROM 
                sale 
            WHERE DATE_FORMAT(transaksi_date, \'%Y-%m\') = \'2025-10\'
            GROUP BY 
                DATE_FORMAT(transaksi_date, \'%Y-%m-%d\')
            ORDER BY 
                DATE_FORMAT(transaksi_date, \'%Y-%m-%d\') ASC;
        ')
 4 APPPATH\Models\SaleModel.php(165): CodeIgniter\Model->__call('query', [...])
 5 APPPATH\Controllers\Owner\Laporan.php(41): App\Models\SaleModel->getDataLaporanPenjualanProdukHarian('2025-10')
 6 SYSTEMPATH\CodeIgniter.php(933): App\Controllers\Owner\Laporan->laporanpenjualanharian('2025-10')
 7 SYSTEMPATH\CodeIgniter.php(509): CodeIgniter\CodeIgniter->runController(Object(App\Controllers\Owner\Laporan))
 8 SYSTEMPATH\CodeIgniter.php(355): CodeIgniter\CodeIgniter->handleRequest(null, Object(Config\Cache), false)
 9 SYSTEMPATH\Boot.php(325): CodeIgniter\CodeIgniter->run()
10 SYSTEMPATH\Boot.php(67): CodeIgniter\Boot::runCodeIgniter(Object(CodeIgniter\CodeIgniter))
11 FCPATH\index.php(56): CodeIgniter\Boot::bootWeb(Object(Config\Paths))
CRITICAL - 2025-10-20 21:07:24 --> [Caused by] mysqli_sql_exception: Expression #1 of SELECT list is not in GROUP BY clause and contains nonaggregated column 'dbfinancialnote.sale.transaksi_date' which is not functionally dependent on columns in GROUP BY clause; this is incompatible with sql_mode=only_full_group_by
in SYSTEMPATH\Database\MySQLi\Connection.php on line 312.
 1 SYSTEMPATH\Database\MySQLi\Connection.php(312): mysqli->query('
            SELECT 
                DATE_FORMAT(transaksi_date, \'%Y-%m\') AS bulan,
                DATE_FORMAT(transaksi_date, \'%Y-%m\') AS bulan_angka,
                DATE_FORMAT(transaksi_date, \'%Y-%m-%d\') AS tanggal,
                DATE_FORMAT(transaksi_date, \'%Y-%m-%d\') AS tanggal_angka,
                SUM(total_price) AS total_price,
                COUNT(id) AS jumlah_transaksi
            FROM 
                sale 
            WHERE DATE_FORMAT(transaksi_date, \'%Y-%m\') = \'2025-10\'
            GROUP BY 
                DATE_FORMAT(transaksi_date, \'%Y-%m-%d\')
            ORDER BY 
                DATE_FORMAT(transaksi_date, \'%Y-%m-%d\') ASC;
        ', 0)
 2 SYSTEMPATH\Database\BaseConnection.php(734): CodeIgniter\Database\MySQLi\Connection->execute('
            SELECT 
                DATE_FORMAT(transaksi_date, \'%Y-%m\') AS bulan,
                DATE_FORMAT(transaksi_date, \'%Y-%m\') AS bulan_angka,
                DATE_FORMAT(transaksi_date, \'%Y-%m-%d\') AS tanggal,
                DATE_FORMAT(transaksi_date, \'%Y-%m-%d\') AS tanggal_angka,
                SUM(total_price) AS total_price,
                COUNT(id) AS jumlah_transaksi
            FROM 
                sale 
            WHERE DATE_FORMAT(transaksi_date, \'%Y-%m\') = \'2025-10\'
            GROUP BY 
                DATE_FORMAT(transaksi_date, \'%Y-%m-%d\')
            ORDER BY 
                DATE_FORMAT(transaksi_date, \'%Y-%m-%d\') ASC;
        ')
 3 SYSTEMPATH\Database\BaseConnection.php(648): CodeIgniter\Database\BaseConnection->simpleQuery('
            SELECT 
                DATE_FORMAT(transaksi_date, \'%Y-%m\') AS bulan,
                DATE_FORMAT(transaksi_date, \'%Y-%m\') AS bulan_angka,
                DATE_FORMAT(transaksi_date, \'%Y-%m-%d\') AS tanggal,
                DATE_FORMAT(transaksi_date, \'%Y-%m-%d\') AS tanggal_angka,
                SUM(total_price) AS total_price,
                COUNT(id) AS jumlah_transaksi
            FROM 
                sale 
            WHERE DATE_FORMAT(transaksi_date, \'%Y-%m\') = \'2025-10\'
            GROUP BY 
                DATE_FORMAT(transaksi_date, \'%Y-%m-%d\')
            ORDER BY 
                DATE_FORMAT(transaksi_date, \'%Y-%m-%d\') ASC;
        ')
 4 SYSTEMPATH\Model.php(926): CodeIgniter\Database\BaseConnection->query('
            SELECT 
                DATE_FORMAT(transaksi_date, \'%Y-%m\') AS bulan,
                DATE_FORMAT(transaksi_date, \'%Y-%m\') AS bulan_angka,
                DATE_FORMAT(transaksi_date, \'%Y-%m-%d\') AS tanggal,
                DATE_FORMAT(transaksi_date, \'%Y-%m-%d\') AS tanggal_angka,
                SUM(total_price) AS total_price,
                COUNT(id) AS jumlah_transaksi
            FROM 
                sale 
            WHERE DATE_FORMAT(transaksi_date, \'%Y-%m\') = \'2025-10\'
            GROUP BY 
                DATE_FORMAT(transaksi_date, \'%Y-%m-%d\')
            ORDER BY 
                DATE_FORMAT(transaksi_date, \'%Y-%m-%d\') ASC;
        ')
 5 APPPATH\Models\SaleModel.php(165): CodeIgniter\Model->__call('query', [...])
 6 APPPATH\Controllers\Owner\Laporan.php(41): App\Models\SaleModel->getDataLaporanPenjualanProdukHarian('2025-10')
 7 SYSTEMPATH\CodeIgniter.php(933): App\Controllers\Owner\Laporan->laporanpenjualanharian('2025-10')
 8 SYSTEMPATH\CodeIgniter.php(509): CodeIgniter\CodeIgniter->runController(Object(App\Controllers\Owner\Laporan))
 9 SYSTEMPATH\CodeIgniter.php(355): CodeIgniter\CodeIgniter->handleRequest(null, Object(Config\Cache), false)
10 SYSTEMPATH\Boot.php(325): CodeIgniter\CodeIgniter->run()
11 SYSTEMPATH\Boot.php(67): CodeIgniter\Boot::runCodeIgniter(Object(CodeIgniter\CodeIgniter))
12 FCPATH\index.php(56): CodeIgniter\Boot::bootWeb(Object(Config\Paths))
INFO - 2025-10-20 21:08:52 --> Session: Class initialized using 'CodeIgniter\Session\Handlers\FileHandler' driver.
INFO - 2025-10-20 21:09:08 --> Session: Class initialized using 'CodeIgniter\Session\Handlers\FileHandler' driver.
INFO - 2025-10-20 21:11:14 --> Session: Class initialized using 'CodeIgniter\Session\Handlers\FileHandler' driver.
INFO - 2025-10-20 21:11:22 --> Session: Class initialized using 'CodeIgniter\Session\Handlers\FileHandler' driver.
INFO - 2025-10-20 21:11:28 --> Session: Class initialized using 'CodeIgniter\Session\Handlers\FileHandler' driver.
INFO - 2025-10-20 21:12:52 --> Session: Class initialized using 'CodeIgniter\Session\Handlers\FileHandler' driver.
INFO - 2025-10-20 21:13:03 --> Session: Class initialized using 'CodeIgniter\Session\Handlers\FileHandler' driver.
INFO - 2025-10-20 21:13:37 --> Session: Class initialized using 'CodeIgniter\Session\Handlers\FileHandler' driver.
INFO - 2025-10-20 21:13:40 --> Session: Class initialized using 'CodeIgniter\Session\Handlers\FileHandler' driver.
INFO - 2025-10-20 21:13:42 --> Session: Class initialized using 'CodeIgniter\Session\Handlers\FileHandler' driver.
ERROR - 2025-10-20 21:13:42 --> mysqli_sql_exception: Expression #1 of SELECT list is not in GROUP BY clause and contains nonaggregated column 'dbfinancialnote.sale.transaksi_date' which is not functionally dependent on columns in GROUP BY clause; this is incompatible with sql_mode=only_full_group_by in C:\laragon\www\financial-note\system\Database\MySQLi\Connection.php:312
Stack trace:
#0 C:\laragon\www\financial-note\system\Database\MySQLi\Connection.php(312): mysqli->query('\n            SE...', 0)
#1 C:\laragon\www\financial-note\system\Database\BaseConnection.php(734): CodeIgniter\Database\MySQLi\Connection->execute('\n            SE...')
#2 C:\laragon\www\financial-note\system\Database\BaseConnection.php(648): CodeIgniter\Database\BaseConnection->simpleQuery('\n            SE...')
#3 C:\laragon\www\financial-note\system\Model.php(926): CodeIgniter\Database\BaseConnection->query('\n            SE...')
#4 C:\laragon\www\financial-note\app\Models\SaleModel.php(165): CodeIgniter\Model->__call('query', Array)
#5 C:\laragon\www\financial-note\app\Controllers\Owner\Laporan.php(41): App\Models\SaleModel->getDataLaporanPenjualanProdukHarian('2025-05')
#6 C:\laragon\www\financial-note\system\CodeIgniter.php(933): App\Controllers\Owner\Laporan->laporanpenjualanharian('2025-05')
#7 C:\laragon\www\financial-note\system\CodeIgniter.php(509): CodeIgniter\CodeIgniter->runController(Object(App\Controllers\Owner\Laporan))
#8 C:\laragon\www\financial-note\system\CodeIgniter.php(355): CodeIgniter\CodeIgniter->handleRequest(NULL, Object(Config\Cache), false)
#9 C:\laragon\www\financial-note\system\Boot.php(325): CodeIgniter\CodeIgniter->run()
#10 C:\laragon\www\financial-note\system\Boot.php(67): CodeIgniter\Boot::runCodeIgniter(Object(CodeIgniter\CodeIgniter))
#11 C:\laragon\www\financial-note\public\index.php(56): CodeIgniter\Boot::bootWeb(Object(Config\Paths))
#12 {main}
CRITICAL - 2025-10-20 21:13:42 --> CodeIgniter\Database\Exceptions\DatabaseException: Expression #1 of SELECT list is not in GROUP BY clause and contains nonaggregated column 'dbfinancialnote.sale.transaksi_date' which is not functionally dependent on columns in GROUP BY clause; this is incompatible with sql_mode=only_full_group_by
[Method: GET, Route: laporan-penjualan/2025-05]
in SYSTEMPATH\Database\BaseConnection.php on line 688.
 1 SYSTEMPATH\Model.php(926): CodeIgniter\Database\BaseConnection->query('
            SELECT 
                DATE_FORMAT(transaksi_date, \'%Y-%m\') AS bulan,
                DATE_FORMAT(transaksi_date, \'%Y-%m\') AS bulan_angka,
                DATE_FORMAT(transaksi_date, \'%Y-%m-%d\') AS tanggal,
                DATE_FORMAT(transaksi_date, \'%Y-%m-%d\') AS tanggal_angka,
                SUM(total_price) AS total_price,
                COUNT(id) AS jumlah_transaksi
            FROM 
                sale 
            WHERE DATE_FORMAT(transaksi_date, \'%Y-%m\') = \'2025-05\'
            GROUP BY 
                DATE_FORMAT(transaksi_date, \'%Y-%m-%d\')
            ORDER BY 
                DATE_FORMAT(transaksi_date, \'%Y-%m-%d\') ASC;
        ')
 2 APPPATH\Models\SaleModel.php(165): CodeIgniter\Model->__call('query', [...])
 3 APPPATH\Controllers\Owner\Laporan.php(41): App\Models\SaleModel->getDataLaporanPenjualanProdukHarian('2025-05')
 4 SYSTEMPATH\CodeIgniter.php(933): App\Controllers\Owner\Laporan->laporanpenjualanharian('2025-05')
 5 SYSTEMPATH\CodeIgniter.php(509): CodeIgniter\CodeIgniter->runController(Object(App\Controllers\Owner\Laporan))
 6 SYSTEMPATH\CodeIgniter.php(355): CodeIgniter\CodeIgniter->handleRequest(null, Object(Config\Cache), false)
 7 SYSTEMPATH\Boot.php(325): CodeIgniter\CodeIgniter->run()
 8 SYSTEMPATH\Boot.php(67): CodeIgniter\Boot::runCodeIgniter(Object(CodeIgniter\CodeIgniter))
 9 FCPATH\index.php(56): CodeIgniter\Boot::bootWeb(Object(Config\Paths))
CRITICAL - 2025-10-20 21:13:42 --> [Caused by] CodeIgniter\Database\Exceptions\DatabaseException: Expression #1 of SELECT list is not in GROUP BY clause and contains nonaggregated column 'dbfinancialnote.sale.transaksi_date' which is not functionally dependent on columns in GROUP BY clause; this is incompatible with sql_mode=only_full_group_by
in SYSTEMPATH\Database\MySQLi\Connection.php on line 317.
 1 SYSTEMPATH\Database\BaseConnection.php(734): CodeIgniter\Database\MySQLi\Connection->execute('
            SELECT 
                DATE_FORMAT(transaksi_date, \'%Y-%m\') AS bulan,
                DATE_FORMAT(transaksi_date, \'%Y-%m\') AS bulan_angka,
                DATE_FORMAT(transaksi_date, \'%Y-%m-%d\') AS tanggal,
                DATE_FORMAT(transaksi_date, \'%Y-%m-%d\') AS tanggal_angka,
                SUM(total_price) AS total_price,
                COUNT(id) AS jumlah_transaksi
            FROM 
                sale 
            WHERE DATE_FORMAT(transaksi_date, \'%Y-%m\') = \'2025-05\'
            GROUP BY 
                DATE_FORMAT(transaksi_date, \'%Y-%m-%d\')
            ORDER BY 
                DATE_FORMAT(transaksi_date, \'%Y-%m-%d\') ASC;
        ')
 2 SYSTEMPATH\Database\BaseConnection.php(648): CodeIgniter\Database\BaseConnection->simpleQuery('
            SELECT 
                DATE_FORMAT(transaksi_date, \'%Y-%m\') AS bulan,
                DATE_FORMAT(transaksi_date, \'%Y-%m\') AS bulan_angka,
                DATE_FORMAT(transaksi_date, \'%Y-%m-%d\') AS tanggal,
                DATE_FORMAT(transaksi_date, \'%Y-%m-%d\') AS tanggal_angka,
                SUM(total_price) AS total_price,
                COUNT(id) AS jumlah_transaksi
            FROM 
                sale 
            WHERE DATE_FORMAT(transaksi_date, \'%Y-%m\') = \'2025-05\'
            GROUP BY 
                DATE_FORMAT(transaksi_date, \'%Y-%m-%d\')
            ORDER BY 
                DATE_FORMAT(transaksi_date, \'%Y-%m-%d\') ASC;
        ')
 3 SYSTEMPATH\Model.php(926): CodeIgniter\Database\BaseConnection->query('
            SELECT 
                DATE_FORMAT(transaksi_date, \'%Y-%m\') AS bulan,
                DATE_FORMAT(transaksi_date, \'%Y-%m\') AS bulan_angka,
                DATE_FORMAT(transaksi_date, \'%Y-%m-%d\') AS tanggal,
                DATE_FORMAT(transaksi_date, \'%Y-%m-%d\') AS tanggal_angka,
                SUM(total_price) AS total_price,
                COUNT(id) AS jumlah_transaksi
            FROM 
                sale 
            WHERE DATE_FORMAT(transaksi_date, \'%Y-%m\') = \'2025-05\'
            GROUP BY 
                DATE_FORMAT(transaksi_date, \'%Y-%m-%d\')
            ORDER BY 
                DATE_FORMAT(transaksi_date, \'%Y-%m-%d\') ASC;
        ')
 4 APPPATH\Models\SaleModel.php(165): CodeIgniter\Model->__call('query', [...])
 5 APPPATH\Controllers\Owner\Laporan.php(41): App\Models\SaleModel->getDataLaporanPenjualanProdukHarian('2025-05')
 6 SYSTEMPATH\CodeIgniter.php(933): App\Controllers\Owner\Laporan->laporanpenjualanharian('2025-05')
 7 SYSTEMPATH\CodeIgniter.php(509): CodeIgniter\CodeIgniter->runController(Object(App\Controllers\Owner\Laporan))
 8 SYSTEMPATH\CodeIgniter.php(355): CodeIgniter\CodeIgniter->handleRequest(null, Object(Config\Cache), false)
 9 SYSTEMPATH\Boot.php(325): CodeIgniter\CodeIgniter->run()
10 SYSTEMPATH\Boot.php(67): CodeIgniter\Boot::runCodeIgniter(Object(CodeIgniter\CodeIgniter))
11 FCPATH\index.php(56): CodeIgniter\Boot::bootWeb(Object(Config\Paths))
CRITICAL - 2025-10-20 21:13:42 --> [Caused by] mysqli_sql_exception: Expression #1 of SELECT list is not in GROUP BY clause and contains nonaggregated column 'dbfinancialnote.sale.transaksi_date' which is not functionally dependent on columns in GROUP BY clause; this is incompatible with sql_mode=only_full_group_by
in SYSTEMPATH\Database\MySQLi\Connection.php on line 312.
 1 SYSTEMPATH\Database\MySQLi\Connection.php(312): mysqli->query('
            SELECT 
                DATE_FORMAT(transaksi_date, \'%Y-%m\') AS bulan,
                DATE_FORMAT(transaksi_date, \'%Y-%m\') AS bulan_angka,
                DATE_FORMAT(transaksi_date, \'%Y-%m-%d\') AS tanggal,
                DATE_FORMAT(transaksi_date, \'%Y-%m-%d\') AS tanggal_angka,
                SUM(total_price) AS total_price,
                COUNT(id) AS jumlah_transaksi
            FROM 
                sale 
            WHERE DATE_FORMAT(transaksi_date, \'%Y-%m\') = \'2025-05\'
            GROUP BY 
                DATE_FORMAT(transaksi_date, \'%Y-%m-%d\')
            ORDER BY 
                DATE_FORMAT(transaksi_date, \'%Y-%m-%d\') ASC;
        ', 0)
 2 SYSTEMPATH\Database\BaseConnection.php(734): CodeIgniter\Database\MySQLi\Connection->execute('
            SELECT 
                DATE_FORMAT(transaksi_date, \'%Y-%m\') AS bulan,
                DATE_FORMAT(transaksi_date, \'%Y-%m\') AS bulan_angka,
                DATE_FORMAT(transaksi_date, \'%Y-%m-%d\') AS tanggal,
                DATE_FORMAT(transaksi_date, \'%Y-%m-%d\') AS tanggal_angka,
                SUM(total_price) AS total_price,
                COUNT(id) AS jumlah_transaksi
            FROM 
                sale 
            WHERE DATE_FORMAT(transaksi_date, \'%Y-%m\') = \'2025-05\'
            GROUP BY 
                DATE_FORMAT(transaksi_date, \'%Y-%m-%d\')
            ORDER BY 
                DATE_FORMAT(transaksi_date, \'%Y-%m-%d\') ASC;
        ')
 3 SYSTEMPATH\Database\BaseConnection.php(648): CodeIgniter\Database\BaseConnection->simpleQuery('
            SELECT 
                DATE_FORMAT(transaksi_date, \'%Y-%m\') AS bulan,
                DATE_FORMAT(transaksi_date, \'%Y-%m\') AS bulan_angka,
                DATE_FORMAT(transaksi_date, \'%Y-%m-%d\') AS tanggal,
                DATE_FORMAT(transaksi_date, \'%Y-%m-%d\') AS tanggal_angka,
                SUM(total_price) AS total_price,
                COUNT(id) AS jumlah_transaksi
            FROM 
                sale 
            WHERE DATE_FORMAT(transaksi_date, \'%Y-%m\') = \'2025-05\'
            GROUP BY 
                DATE_FORMAT(transaksi_date, \'%Y-%m-%d\')
            ORDER BY 
                DATE_FORMAT(transaksi_date, \'%Y-%m-%d\') ASC;
        ')
 4 SYSTEMPATH\Model.php(926): CodeIgniter\Database\BaseConnection->query('
            SELECT 
                DATE_FORMAT(transaksi_date, \'%Y-%m\') AS bulan,
                DATE_FORMAT(transaksi_date, \'%Y-%m\') AS bulan_angka,
                DATE_FORMAT(transaksi_date, \'%Y-%m-%d\') AS tanggal,
                DATE_FORMAT(transaksi_date, \'%Y-%m-%d\') AS tanggal_angka,
                SUM(total_price) AS total_price,
                COUNT(id) AS jumlah_transaksi
            FROM 
                sale 
            WHERE DATE_FORMAT(transaksi_date, \'%Y-%m\') = \'2025-05\'
            GROUP BY 
                DATE_FORMAT(transaksi_date, \'%Y-%m-%d\')
            ORDER BY 
                DATE_FORMAT(transaksi_date, \'%Y-%m-%d\') ASC;
        ')
 5 APPPATH\Models\SaleModel.php(165): CodeIgniter\Model->__call('query', [...])
 6 APPPATH\Controllers\Owner\Laporan.php(41): App\Models\SaleModel->getDataLaporanPenjualanProdukHarian('2025-05')
 7 SYSTEMPATH\CodeIgniter.php(933): App\Controllers\Owner\Laporan->laporanpenjualanharian('2025-05')
 8 SYSTEMPATH\CodeIgniter.php(509): CodeIgniter\CodeIgniter->runController(Object(App\Controllers\Owner\Laporan))
 9 SYSTEMPATH\CodeIgniter.php(355): CodeIgniter\CodeIgniter->handleRequest(null, Object(Config\Cache), false)
10 SYSTEMPATH\Boot.php(325): CodeIgniter\CodeIgniter->run()
11 SYSTEMPATH\Boot.php(67): CodeIgniter\Boot::runCodeIgniter(Object(CodeIgniter\CodeIgniter))
12 FCPATH\index.php(56): CodeIgniter\Boot::bootWeb(Object(Config\Paths))
INFO - 2025-10-20 21:15:35 --> Session: Class initialized using 'CodeIgniter\Session\Handlers\FileHandler' driver.
ERROR - 2025-10-20 21:15:35 --> mysqli_sql_exception: Expression #1 of SELECT list is not in GROUP BY clause and contains nonaggregated column 'dbfinancialnote.sale.transaksi_date' which is not functionally dependent on columns in GROUP BY clause; this is incompatible with sql_mode=only_full_group_by in C:\laragon\www\financial-note\system\Database\MySQLi\Connection.php:312
Stack trace:
#0 C:\laragon\www\financial-note\system\Database\MySQLi\Connection.php(312): mysqli->query('\n            SE...', 0)
#1 C:\laragon\www\financial-note\system\Database\BaseConnection.php(734): CodeIgniter\Database\MySQLi\Connection->execute('\n            SE...')
#2 C:\laragon\www\financial-note\system\Database\BaseConnection.php(648): CodeIgniter\Database\BaseConnection->simpleQuery('\n            SE...')
#3 C:\laragon\www\financial-note\system\Model.php(926): CodeIgniter\Database\BaseConnection->query('\n            SE...')
#4 C:\laragon\www\financial-note\app\Models\SaleModel.php(165): CodeIgniter\Model->__call('query', Array)
#5 C:\laragon\www\financial-note\app\Controllers\Owner\Laporan.php(41): App\Models\SaleModel->getDataLaporanPenjualanProdukHarian('2025-05')
#6 C:\laragon\www\financial-note\system\CodeIgniter.php(933): App\Controllers\Owner\Laporan->laporanpenjualanharian('2025-05')
#7 C:\laragon\www\financial-note\system\CodeIgniter.php(509): CodeIgniter\CodeIgniter->runController(Object(App\Controllers\Owner\Laporan))
#8 C:\laragon\www\financial-note\system\CodeIgniter.php(355): CodeIgniter\CodeIgniter->handleRequest(NULL, Object(Config\Cache), false)
#9 C:\laragon\www\financial-note\system\Boot.php(325): CodeIgniter\CodeIgniter->run()
#10 C:\laragon\www\financial-note\system\Boot.php(67): CodeIgniter\Boot::runCodeIgniter(Object(CodeIgniter\CodeIgniter))
#11 C:\laragon\www\financial-note\public\index.php(56): CodeIgniter\Boot::bootWeb(Object(Config\Paths))
#12 {main}
CRITICAL - 2025-10-20 21:15:35 --> CodeIgniter\Database\Exceptions\DatabaseException: Expression #1 of SELECT list is not in GROUP BY clause and contains nonaggregated column 'dbfinancialnote.sale.transaksi_date' which is not functionally dependent on columns in GROUP BY clause; this is incompatible with sql_mode=only_full_group_by
[Method: GET, Route: laporan-penjualan/2025-05]
in SYSTEMPATH\Database\BaseConnection.php on line 688.
 1 SYSTEMPATH\Model.php(926): CodeIgniter\Database\BaseConnection->query('
            SELECT 
                DATE_FORMAT(transaksi_date, \'%Y-%m\') AS bulan,
                DATE_FORMAT(transaksi_date, \'%Y-%m\') AS bulan_angka,
                DATE_FORMAT(transaksi_date, \'%Y-%m-%d\') AS tanggal,
                DATE_FORMAT(transaksi_date, \'%Y-%m-%d\') AS tanggal_angka,
                SUM(total_price) AS total_price,
                COUNT(id) AS jumlah_transaksi
            FROM 
                sale 
            WHERE DATE_FORMAT(transaksi_date, \'%Y-%m\') = \'2025-05\'
            GROUP BY 
                DATE_FORMAT(transaksi_date, \'%Y-%m-%d\')
            ORDER BY 
                DATE_FORMAT(transaksi_date, \'%Y-%m-%d\') ASC;
        ')
 2 APPPATH\Models\SaleModel.php(165): CodeIgniter\Model->__call('query', [...])
 3 APPPATH\Controllers\Owner\Laporan.php(41): App\Models\SaleModel->getDataLaporanPenjualanProdukHarian('2025-05')
 4 SYSTEMPATH\CodeIgniter.php(933): App\Controllers\Owner\Laporan->laporanpenjualanharian('2025-05')
 5 SYSTEMPATH\CodeIgniter.php(509): CodeIgniter\CodeIgniter->runController(Object(App\Controllers\Owner\Laporan))
 6 SYSTEMPATH\CodeIgniter.php(355): CodeIgniter\CodeIgniter->handleRequest(null, Object(Config\Cache), false)
 7 SYSTEMPATH\Boot.php(325): CodeIgniter\CodeIgniter->run()
 8 SYSTEMPATH\Boot.php(67): CodeIgniter\Boot::runCodeIgniter(Object(CodeIgniter\CodeIgniter))
 9 FCPATH\index.php(56): CodeIgniter\Boot::bootWeb(Object(Config\Paths))
CRITICAL - 2025-10-20 21:15:35 --> [Caused by] CodeIgniter\Database\Exceptions\DatabaseException: Expression #1 of SELECT list is not in GROUP BY clause and contains nonaggregated column 'dbfinancialnote.sale.transaksi_date' which is not functionally dependent on columns in GROUP BY clause; this is incompatible with sql_mode=only_full_group_by
in SYSTEMPATH\Database\MySQLi\Connection.php on line 317.
 1 SYSTEMPATH\Database\BaseConnection.php(734): CodeIgniter\Database\MySQLi\Connection->execute('
            SELECT 
                DATE_FORMAT(transaksi_date, \'%Y-%m\') AS bulan,
                DATE_FORMAT(transaksi_date, \'%Y-%m\') AS bulan_angka,
                DATE_FORMAT(transaksi_date, \'%Y-%m-%d\') AS tanggal,
                DATE_FORMAT(transaksi_date, \'%Y-%m-%d\') AS tanggal_angka,
                SUM(total_price) AS total_price,
                COUNT(id) AS jumlah_transaksi
            FROM 
                sale 
            WHERE DATE_FORMAT(transaksi_date, \'%Y-%m\') = \'2025-05\'
            GROUP BY 
                DATE_FORMAT(transaksi_date, \'%Y-%m-%d\')
            ORDER BY 
                DATE_FORMAT(transaksi_date, \'%Y-%m-%d\') ASC;
        ')
 2 SYSTEMPATH\Database\BaseConnection.php(648): CodeIgniter\Database\BaseConnection->simpleQuery('
            SELECT 
                DATE_FORMAT(transaksi_date, \'%Y-%m\') AS bulan,
                DATE_FORMAT(transaksi_date, \'%Y-%m\') AS bulan_angka,
                DATE_FORMAT(transaksi_date, \'%Y-%m-%d\') AS tanggal,
                DATE_FORMAT(transaksi_date, \'%Y-%m-%d\') AS tanggal_angka,
                SUM(total_price) AS total_price,
                COUNT(id) AS jumlah_transaksi
            FROM 
                sale 
            WHERE DATE_FORMAT(transaksi_date, \'%Y-%m\') = \'2025-05\'
            GROUP BY 
                DATE_FORMAT(transaksi_date, \'%Y-%m-%d\')
            ORDER BY 
                DATE_FORMAT(transaksi_date, \'%Y-%m-%d\') ASC;
        ')
 3 SYSTEMPATH\Model.php(926): CodeIgniter\Database\BaseConnection->query('
            SELECT 
                DATE_FORMAT(transaksi_date, \'%Y-%m\') AS bulan,
                DATE_FORMAT(transaksi_date, \'%Y-%m\') AS bulan_angka,
                DATE_FORMAT(transaksi_date, \'%Y-%m-%d\') AS tanggal,
                DATE_FORMAT(transaksi_date, \'%Y-%m-%d\') AS tanggal_angka,
                SUM(total_price) AS total_price,
                COUNT(id) AS jumlah_transaksi
            FROM 
                sale 
            WHERE DATE_FORMAT(transaksi_date, \'%Y-%m\') = \'2025-05\'
            GROUP BY 
                DATE_FORMAT(transaksi_date, \'%Y-%m-%d\')
            ORDER BY 
                DATE_FORMAT(transaksi_date, \'%Y-%m-%d\') ASC;
        ')
 4 APPPATH\Models\SaleModel.php(165): CodeIgniter\Model->__call('query', [...])
 5 APPPATH\Controllers\Owner\Laporan.php(41): App\Models\SaleModel->getDataLaporanPenjualanProdukHarian('2025-05')
 6 SYSTEMPATH\CodeIgniter.php(933): App\Controllers\Owner\Laporan->laporanpenjualanharian('2025-05')
 7 SYSTEMPATH\CodeIgniter.php(509): CodeIgniter\CodeIgniter->runController(Object(App\Controllers\Owner\Laporan))
 8 SYSTEMPATH\CodeIgniter.php(355): CodeIgniter\CodeIgniter->handleRequest(null, Object(Config\Cache), false)
 9 SYSTEMPATH\Boot.php(325): CodeIgniter\CodeIgniter->run()
10 SYSTEMPATH\Boot.php(67): CodeIgniter\Boot::runCodeIgniter(Object(CodeIgniter\CodeIgniter))
11 FCPATH\index.php(56): CodeIgniter\Boot::bootWeb(Object(Config\Paths))
CRITICAL - 2025-10-20 21:15:35 --> [Caused by] mysqli_sql_exception: Expression #1 of SELECT list is not in GROUP BY clause and contains nonaggregated column 'dbfinancialnote.sale.transaksi_date' which is not functionally dependent on columns in GROUP BY clause; this is incompatible with sql_mode=only_full_group_by
in SYSTEMPATH\Database\MySQLi\Connection.php on line 312.
 1 SYSTEMPATH\Database\MySQLi\Connection.php(312): mysqli->query('
            SELECT 
                DATE_FORMAT(transaksi_date, \'%Y-%m\') AS bulan,
                DATE_FORMAT(transaksi_date, \'%Y-%m\') AS bulan_angka,
                DATE_FORMAT(transaksi_date, \'%Y-%m-%d\') AS tanggal,
                DATE_FORMAT(transaksi_date, \'%Y-%m-%d\') AS tanggal_angka,
                SUM(total_price) AS total_price,
                COUNT(id) AS jumlah_transaksi
            FROM 
                sale 
            WHERE DATE_FORMAT(transaksi_date, \'%Y-%m\') = \'2025-05\'
            GROUP BY 
                DATE_FORMAT(transaksi_date, \'%Y-%m-%d\')
            ORDER BY 
                DATE_FORMAT(transaksi_date, \'%Y-%m-%d\') ASC;
        ', 0)
 2 SYSTEMPATH\Database\BaseConnection.php(734): CodeIgniter\Database\MySQLi\Connection->execute('
            SELECT 
                DATE_FORMAT(transaksi_date, \'%Y-%m\') AS bulan,
                DATE_FORMAT(transaksi_date, \'%Y-%m\') AS bulan_angka,
                DATE_FORMAT(transaksi_date, \'%Y-%m-%d\') AS tanggal,
                DATE_FORMAT(transaksi_date, \'%Y-%m-%d\') AS tanggal_angka,
                SUM(total_price) AS total_price,
                COUNT(id) AS jumlah_transaksi
            FROM 
                sale 
            WHERE DATE_FORMAT(transaksi_date, \'%Y-%m\') = \'2025-05\'
            GROUP BY 
                DATE_FORMAT(transaksi_date, \'%Y-%m-%d\')
            ORDER BY 
                DATE_FORMAT(transaksi_date, \'%Y-%m-%d\') ASC;
        ')
 3 SYSTEMPATH\Database\BaseConnection.php(648): CodeIgniter\Database\BaseConnection->simpleQuery('
            SELECT 
                DATE_FORMAT(transaksi_date, \'%Y-%m\') AS bulan,
                DATE_FORMAT(transaksi_date, \'%Y-%m\') AS bulan_angka,
                DATE_FORMAT(transaksi_date, \'%Y-%m-%d\') AS tanggal,
                DATE_FORMAT(transaksi_date, \'%Y-%m-%d\') AS tanggal_angka,
                SUM(total_price) AS total_price,
                COUNT(id) AS jumlah_transaksi
            FROM 
                sale 
            WHERE DATE_FORMAT(transaksi_date, \'%Y-%m\') = \'2025-05\'
            GROUP BY 
                DATE_FORMAT(transaksi_date, \'%Y-%m-%d\')
            ORDER BY 
                DATE_FORMAT(transaksi_date, \'%Y-%m-%d\') ASC;
        ')
 4 SYSTEMPATH\Model.php(926): CodeIgniter\Database\BaseConnection->query('
            SELECT 
                DATE_FORMAT(transaksi_date, \'%Y-%m\') AS bulan,
                DATE_FORMAT(transaksi_date, \'%Y-%m\') AS bulan_angka,
                DATE_FORMAT(transaksi_date, \'%Y-%m-%d\') AS tanggal,
                DATE_FORMAT(transaksi_date, \'%Y-%m-%d\') AS tanggal_angka,
                SUM(total_price) AS total_price,
                COUNT(id) AS jumlah_transaksi
            FROM 
                sale 
            WHERE DATE_FORMAT(transaksi_date, \'%Y-%m\') = \'2025-05\'
            GROUP BY 
                DATE_FORMAT(transaksi_date, \'%Y-%m-%d\')
            ORDER BY 
                DATE_FORMAT(transaksi_date, \'%Y-%m-%d\') ASC;
        ')
 5 APPPATH\Models\SaleModel.php(165): CodeIgniter\Model->__call('query', [...])
 6 APPPATH\Controllers\Owner\Laporan.php(41): App\Models\SaleModel->getDataLaporanPenjualanProdukHarian('2025-05')
 7 SYSTEMPATH\CodeIgniter.php(933): App\Controllers\Owner\Laporan->laporanpenjualanharian('2025-05')
 8 SYSTEMPATH\CodeIgniter.php(509): CodeIgniter\CodeIgniter->runController(Object(App\Controllers\Owner\Laporan))
 9 SYSTEMPATH\CodeIgniter.php(355): CodeIgniter\CodeIgniter->handleRequest(null, Object(Config\Cache), false)
10 SYSTEMPATH\Boot.php(325): CodeIgniter\CodeIgniter->run()
11 SYSTEMPATH\Boot.php(67): CodeIgniter\Boot::runCodeIgniter(Object(CodeIgniter\CodeIgniter))
12 FCPATH\index.php(56): CodeIgniter\Boot::bootWeb(Object(Config\Paths))
INFO - 2025-10-20 21:15:38 --> Session: Class initialized using 'CodeIgniter\Session\Handlers\FileHandler' driver.
INFO - 2025-10-20 21:15:56 --> Session: Class initialized using 'CodeIgniter\Session\Handlers\FileHandler' driver.
INFO - 2025-10-20 21:16:54 --> Session: Class initialized using 'CodeIgniter\Session\Handlers\FileHandler' driver.
INFO - 2025-10-20 21:16:54 --> Session: Class initialized using 'CodeIgniter\Session\Handlers\FileHandler' driver.
INFO - 2025-10-20 21:16:57 --> Session: Class initialized using 'CodeIgniter\Session\Handlers\FileHandler' driver.
INFO - 2025-10-20 21:17:03 --> Session: Class initialized using 'CodeIgniter\Session\Handlers\FileHandler' driver.
INFO - 2025-10-20 21:17:03 --> Session: Class initialized using 'CodeIgniter\Session\Handlers\FileHandler' driver.
INFO - 2025-10-20 21:17:10 --> Session: Class initialized using 'CodeIgniter\Session\Handlers\FileHandler' driver.
INFO - 2025-10-20 21:17:10 --> Session: Class initialized using 'CodeIgniter\Session\Handlers\FileHandler' driver.
INFO - 2025-10-20 21:17:13 --> Session: Class initialized using 'CodeIgniter\Session\Handlers\FileHandler' driver.
INFO - 2025-10-20 21:17:14 --> Session: Class initialized using 'CodeIgniter\Session\Handlers\FileHandler' driver.
INFO - 2025-10-20 21:17:15 --> Session: Class initialized using 'CodeIgniter\Session\Handlers\FileHandler' driver.
INFO - 2025-10-20 21:17:16 --> Session: Class initialized using 'CodeIgniter\Session\Handlers\FileHandler' driver.
INFO - 2025-10-20 21:17:17 --> Session: Class initialized using 'CodeIgniter\Session\Handlers\FileHandler' driver.
INFO - 2025-10-20 21:17:18 --> Session: Class initialized using 'CodeIgniter\Session\Handlers\FileHandler' driver.
INFO - 2025-10-20 21:17:19 --> Session: Class initialized using 'CodeIgniter\Session\Handlers\FileHandler' driver.
INFO - 2025-10-20 21:17:20 --> Session: Class initialized using 'CodeIgniter\Session\Handlers\FileHandler' driver.
INFO - 2025-10-20 21:17:22 --> Session: Class initialized using 'CodeIgniter\Session\Handlers\FileHandler' driver.
INFO - 2025-10-20 21:17:22 --> Session: Class initialized using 'CodeIgniter\Session\Handlers\FileHandler' driver.
INFO - 2025-10-20 21:17:24 --> Session: Class initialized using 'CodeIgniter\Session\Handlers\FileHandler' driver.
INFO - 2025-10-20 21:17:25 --> Session: Class initialized using 'CodeIgniter\Session\Handlers\FileHandler' driver.
INFO - 2025-10-20 21:17:30 --> Session: Class initialized using 'CodeIgniter\Session\Handlers\FileHandler' driver.
INFO - 2025-10-20 21:20:37 --> Session: Class initialized using 'CodeIgniter\Session\Handlers\FileHandler' driver.
INFO - 2025-10-20 21:20:40 --> Session: Class initialized using 'CodeIgniter\Session\Handlers\FileHandler' driver.
INFO - 2025-10-20 21:20:46 --> Session: Class initialized using 'CodeIgniter\Session\Handlers\FileHandler' driver.
INFO - 2025-10-20 21:20:50 --> Session: Class initialized using 'CodeIgniter\Session\Handlers\FileHandler' driver.
INFO - 2025-10-20 21:20:54 --> Session: Class initialized using 'CodeIgniter\Session\Handlers\FileHandler' driver.
INFO - 2025-10-20 21:22:13 --> Session: Class initialized using 'CodeIgniter\Session\Handlers\FileHandler' driver.
INFO - 2025-10-20 21:22:36 --> Session: Class initialized using 'CodeIgniter\Session\Handlers\FileHandler' driver.
INFO - 2025-10-20 21:26:37 --> Session: Class initialized using 'CodeIgniter\Session\Handlers\FileHandler' driver.
CRITICAL - 2025-10-20 21:26:37 --> Error: Call to a member function getDataByJenisLayananAndStatus() on null
[Method: GET, Route: kasir]
in APPPATH\Controllers\Owner\Kasir.php on line 27.
 1 SYSTEMPATH\CodeIgniter.php(903): App\Controllers\Owner\Kasir->__construct()
 2 SYSTEMPATH\CodeIgniter.php(500): CodeIgniter\CodeIgniter->createController()
 3 SYSTEMPATH\CodeIgniter.php(355): CodeIgniter\CodeIgniter->handleRequest(null, Object(Config\Cache), false)
 4 SYSTEMPATH\Boot.php(325): CodeIgniter\CodeIgniter->run()
 5 SYSTEMPATH\Boot.php(67): CodeIgniter\Boot::runCodeIgniter(Object(CodeIgniter\CodeIgniter))
 6 FCPATH\index.php(56): CodeIgniter\Boot::bootWeb(Object(Config\Paths))
INFO - 2025-10-20 21:27:26 --> Session: Class initialized using 'CodeIgniter\Session\Handlers\FileHandler' driver.
INFO - 2025-10-20 21:31:01 --> Session: Class initialized using 'CodeIgniter\Session\Handlers\FileHandler' driver.
INFO - 2025-10-20 21:34:57 --> Session: Class initialized using 'CodeIgniter\Session\Handlers\FileHandler' driver.
INFO - 2025-10-20 21:37:48 --> Session: Class initialized using 'CodeIgniter\Session\Handlers\FileHandler' driver.
INFO - 2025-10-20 21:37:54 --> Session: Class initialized using 'CodeIgniter\Session\Handlers\FileHandler' driver.
INFO - 2025-10-20 21:38:01 --> Session: Class initialized using 'CodeIgniter\Session\Handlers\FileHandler' driver.
INFO - 2025-10-20 21:38:04 --> Session: Class initialized using 'CodeIgniter\Session\Handlers\FileHandler' driver.
INFO - 2025-10-20 21:38:55 --> Session: Class initialized using 'CodeIgniter\Session\Handlers\FileHandler' driver.
INFO - 2025-10-20 21:39:34 --> Session: Class initialized using 'CodeIgniter\Session\Handlers\FileHandler' driver.
INFO - 2025-10-20 21:39:59 --> Session: Class initialized using 'CodeIgniter\Session\Handlers\FileHandler' driver.
INFO - 2025-10-20 21:39:59 --> Session: Class initialized using 'CodeIgniter\Session\Handlers\FileHandler' driver.
INFO - 2025-10-20 21:40:06 --> Session: Class initialized using 'CodeIgniter\Session\Handlers\FileHandler' driver.
INFO - 2025-10-20 21:41:03 --> Session: Class initialized using 'CodeIgniter\Session\Handlers\FileHandler' driver.
INFO - 2025-10-20 21:41:03 --> Session: Class initialized using 'CodeIgniter\Session\Handlers\FileHandler' driver.
INFO - 2025-10-20 21:41:09 --> Session: Class initialized using 'CodeIgniter\Session\Handlers\FileHandler' driver.
INFO - 2025-10-20 21:41:48 --> Session: Class initialized using 'CodeIgniter\Session\Handlers\FileHandler' driver.
INFO - 2025-10-20 21:41:48 --> Session: Class initialized using 'CodeIgniter\Session\Handlers\FileHandler' driver.
INFO - 2025-10-20 21:41:57 --> Session: Class initialized using 'CodeIgniter\Session\Handlers\FileHandler' driver.
INFO - 2025-10-20 21:42:10 --> Session: Class initialized using 'CodeIgniter\Session\Handlers\FileHandler' driver.
INFO - 2025-10-20 21:42:10 --> Session: Class initialized using 'CodeIgniter\Session\Handlers\FileHandler' driver.
INFO - 2025-10-20 21:42:17 --> Session: Class initialized using 'CodeIgniter\Session\Handlers\FileHandler' driver.
CRITICAL - 2025-10-20 21:42:17 --> ErrorException: Undefined array key "id_employe"
[Method: POST, Route: kasir]
in APPPATH\Models\SaleModel.php on line 63.
 1 APPPATH\Models\SaleModel.php(63): CodeIgniter\Debug\Exceptions->errorHandler(2, 'Undefined array key "id_employe"', 'C:\\laragon\\www\\financial-note\\app\\Models\\SaleModel.php', 63)
 2 APPPATH\Controllers\Owner\Kasir.php(63): App\Models\SaleModel->updateData([...])
 3 SYSTEMPATH\CodeIgniter.php(933): App\Controllers\Owner\Kasir->index()
 4 SYSTEMPATH\CodeIgniter.php(509): CodeIgniter\CodeIgniter->runController(Object(App\Controllers\Owner\Kasir))
 5 SYSTEMPATH\CodeIgniter.php(355): CodeIgniter\CodeIgniter->handleRequest(null, Object(Config\Cache), false)
 6 SYSTEMPATH\Boot.php(325): CodeIgniter\CodeIgniter->run()
 7 SYSTEMPATH\Boot.php(67): CodeIgniter\Boot::runCodeIgniter(Object(CodeIgniter\CodeIgniter))
 8 FCPATH\index.php(56): CodeIgniter\Boot::bootWeb(Object(Config\Paths))
INFO - 2025-10-20 21:43:18 --> Session: Class initialized using 'CodeIgniter\Session\Handlers\FileHandler' driver.
INFO - 2025-10-20 21:43:22 --> Session: Class initialized using 'CodeIgniter\Session\Handlers\FileHandler' driver.
INFO - 2025-10-20 21:43:22 --> Session: Class initialized using 'CodeIgniter\Session\Handlers\FileHandler' driver.
CRITICAL - 2025-10-20 21:43:22 --> Error: Class "App\Models\UserModel" not found
[Method: GET, Route: login]
in APPPATH\Controllers\Auth.php on line 13.
 1 SYSTEMPATH\CodeIgniter.php(903): App\Controllers\Auth->__construct()
 2 SYSTEMPATH\CodeIgniter.php(500): CodeIgniter\CodeIgniter->createController()
 3 SYSTEMPATH\CodeIgniter.php(355): CodeIgniter\CodeIgniter->handleRequest(null, Object(Config\Cache), false)
 4 SYSTEMPATH\Boot.php(325): CodeIgniter\CodeIgniter->run()
 5 SYSTEMPATH\Boot.php(67): CodeIgniter\Boot::runCodeIgniter(Object(CodeIgniter\CodeIgniter))
 6 FCPATH\index.php(56): CodeIgniter\Boot::bootWeb(Object(Config\Paths))
INFO - 2025-10-20 21:51:33 --> Session: Class initialized using 'CodeIgniter\Session\Handlers\FileHandler' driver.
CRITICAL - 2025-10-20 21:51:33 --> Error: Class "App\Models\UserModel" not found
[Method: GET, Route: login]
in APPPATH\Controllers\Auth.php on line 13.
 1 SYSTEMPATH\CodeIgniter.php(903): App\Controllers\Auth->__construct()
 2 SYSTEMPATH\CodeIgniter.php(500): CodeIgniter\CodeIgniter->createController()
 3 SYSTEMPATH\CodeIgniter.php(355): CodeIgniter\CodeIgniter->handleRequest(null, Object(Config\Cache), false)
 4 SYSTEMPATH\Boot.php(325): CodeIgniter\CodeIgniter->run()
 5 SYSTEMPATH\Boot.php(67): CodeIgniter\Boot::runCodeIgniter(Object(CodeIgniter\CodeIgniter))
 6 FCPATH\index.php(56): CodeIgniter\Boot::bootWeb(Object(Config\Paths))
INFO - 2025-10-20 21:55:18 --> Session: Class initialized using 'CodeIgniter\Session\Handlers\FileHandler' driver.
INFO - 2025-10-20 21:55:25 --> Session: Class initialized using 'CodeIgniter\Session\Handlers\FileHandler' driver.
INFO - 2025-10-20 21:55:25 --> Session: Class initialized using 'CodeIgniter\Session\Handlers\FileHandler' driver.
INFO - 2025-10-20 21:56:39 --> Session: Class initialized using 'CodeIgniter\Session\Handlers\FileHandler' driver.
INFO - 2025-10-20 21:56:39 --> Session: Class initialized using 'CodeIgniter\Session\Handlers\FileHandler' driver.
INFO - 2025-10-20 21:56:43 --> Session: Class initialized using 'CodeIgniter\Session\Handlers\FileHandler' driver.
CRITICAL - 2025-10-20 21:56:43 --> ErrorException: Undefined array key "id_employe"
[Method: POST, Route: kasir]
in APPPATH\Models\SaleModel.php on line 63.
 1 APPPATH\Models\SaleModel.php(63): CodeIgniter\Debug\Exceptions->errorHandler(2, 'Undefined array key "id_employe"', 'C:\\laragon\\www\\financial-note\\app\\Models\\SaleModel.php', 63)
 2 APPPATH\Controllers\Owner\Kasir.php(63): App\Models\SaleModel->updateData([...])
 3 SYSTEMPATH\CodeIgniter.php(933): App\Controllers\Owner\Kasir->index()
 4 SYSTEMPATH\CodeIgniter.php(509): CodeIgniter\CodeIgniter->runController(Object(App\Controllers\Owner\Kasir))
 5 SYSTEMPATH\CodeIgniter.php(355): CodeIgniter\CodeIgniter->handleRequest(null, Object(Config\Cache), false)
 6 SYSTEMPATH\Boot.php(325): CodeIgniter\CodeIgniter->run()
 7 SYSTEMPATH\Boot.php(67): CodeIgniter\Boot::runCodeIgniter(Object(CodeIgniter\CodeIgniter))
 8 FCPATH\index.php(56): CodeIgniter\Boot::bootWeb(Object(Config\Paths))
INFO - 2025-10-20 21:57:20 --> Session: Class initialized using 'CodeIgniter\Session\Handlers\FileHandler' driver.
INFO - 2025-10-20 21:57:24 --> Session: Class initialized using 'CodeIgniter\Session\Handlers\FileHandler' driver.
CRITICAL - 2025-10-20 21:57:24 --> ErrorException: Undefined array key "id_employe"
[Method: POST, Route: kasir]
in APPPATH\Models\SaleModel.php on line 63.
 1 APPPATH\Models\SaleModel.php(63): CodeIgniter\Debug\Exceptions->errorHandler(2, 'Undefined array key "id_employe"', 'C:\\laragon\\www\\financial-note\\app\\Models\\SaleModel.php', 63)
 2 APPPATH\Controllers\Owner\Kasir.php(63): App\Models\SaleModel->updateData([...])
 3 SYSTEMPATH\CodeIgniter.php(933): App\Controllers\Owner\Kasir->index()
 4 SYSTEMPATH\CodeIgniter.php(509): CodeIgniter\CodeIgniter->runController(Object(App\Controllers\Owner\Kasir))
 5 SYSTEMPATH\CodeIgniter.php(355): CodeIgniter\CodeIgniter->handleRequest(null, Object(Config\Cache), false)
 6 SYSTEMPATH\Boot.php(325): CodeIgniter\CodeIgniter->run()
 7 SYSTEMPATH\Boot.php(67): CodeIgniter\Boot::runCodeIgniter(Object(CodeIgniter\CodeIgniter))
 8 FCPATH\index.php(56): CodeIgniter\Boot::bootWeb(Object(Config\Paths))
INFO - 2025-10-20 21:57:44 --> Session: Class initialized using 'CodeIgniter\Session\Handlers\FileHandler' driver.
INFO - 2025-10-20 21:57:46 --> Session: Class initialized using 'CodeIgniter\Session\Handlers\FileHandler' driver.
INFO - 2025-10-20 21:57:46 --> Session: Class initialized using 'CodeIgniter\Session\Handlers\FileHandler' driver.
INFO - 2025-10-20 21:57:50 --> Session: Class initialized using 'CodeIgniter\Session\Handlers\FileHandler' driver.
INFO - 2025-10-20 21:57:53 --> Session: Class initialized using 'CodeIgniter\Session\Handlers\FileHandler' driver.
INFO - 2025-10-20 21:57:59 --> Session: Class initialized using 'CodeIgniter\Session\Handlers\FileHandler' driver.
INFO - 2025-10-20 21:58:08 --> Session: Class initialized using 'CodeIgniter\Session\Handlers\FileHandler' driver.
INFO - 2025-10-20 21:58:13 --> Session: Class initialized using 'CodeIgniter\Session\Handlers\FileHandler' driver.
INFO - 2025-10-20 21:58:13 --> Session: Class initialized using 'CodeIgniter\Session\Handlers\FileHandler' driver.
INFO - 2025-10-20 22:00:19 --> Session: Class initialized using 'CodeIgniter\Session\Handlers\FileHandler' driver.
INFO - 2025-10-20 22:00:25 --> Session: Class initialized using 'CodeIgniter\Session\Handlers\FileHandler' driver.
CRITICAL - 2025-10-20 22:00:25 --> ErrorException: Undefined array key "note"
[Method: POST, Route: kasir]
in APPPATH\Models\SaleModel.php on line 64.
 1 APPPATH\Models\SaleModel.php(64): CodeIgniter\Debug\Exceptions->errorHandler(2, 'Undefined array key "note"', 'C:\\laragon\\www\\financial-note\\app\\Models\\SaleModel.php', 64)
 2 APPPATH\Controllers\Owner\Kasir.php(63): App\Models\SaleModel->updateData([...])
 3 SYSTEMPATH\CodeIgniter.php(933): App\Controllers\Owner\Kasir->index()
 4 SYSTEMPATH\CodeIgniter.php(509): CodeIgniter\CodeIgniter->runController(Object(App\Controllers\Owner\Kasir))
 5 SYSTEMPATH\CodeIgniter.php(355): CodeIgniter\CodeIgniter->handleRequest(null, Object(Config\Cache), false)
 6 SYSTEMPATH\Boot.php(325): CodeIgniter\CodeIgniter->run()
 7 SYSTEMPATH\Boot.php(67): CodeIgniter\Boot::runCodeIgniter(Object(CodeIgniter\CodeIgniter))
 8 FCPATH\index.php(56): CodeIgniter\Boot::bootWeb(Object(Config\Paths))
INFO - 2025-10-20 22:00:40 --> Session: Class initialized using 'CodeIgniter\Session\Handlers\FileHandler' driver.
INFO - 2025-10-20 22:01:25 --> Session: Class initialized using 'CodeIgniter\Session\Handlers\FileHandler' driver.
INFO - 2025-10-20 22:01:25 --> Session: Class initialized using 'CodeIgniter\Session\Handlers\FileHandler' driver.
INFO - 2025-10-20 22:01:29 --> Session: Class initialized using 'CodeIgniter\Session\Handlers\FileHandler' driver.
INFO - 2025-10-20 22:01:30 --> Session: Class initialized using 'CodeIgniter\Session\Handlers\FileHandler' driver.
INFO - 2025-10-20 22:01:31 --> Session: Class initialized using 'CodeIgniter\Session\Handlers\FileHandler' driver.
CRITICAL - 2025-10-20 22:01:31 --> ErrorException: Undefined array key 0
[Method: DELETE, Route: kasir/4]
in APPPATH\Controllers\Owner\Kasir.php on line 77.
 1 APPPATH\Controllers\Owner\Kasir.php(77): CodeIgniter\Debug\Exceptions->errorHandler(2, 'Undefined array key 0', 'C:\\laragon\\www\\financial-note\\app\\Controllers\\Owner\\Kasir.php', 77)
 2 SYSTEMPATH\CodeIgniter.php(933): App\Controllers\Owner\Kasir->hapusData('4')
 3 SYSTEMPATH\CodeIgniter.php(509): CodeIgniter\CodeIgniter->runController(Object(App\Controllers\Owner\Kasir))
 4 SYSTEMPATH\CodeIgniter.php(355): CodeIgniter\CodeIgniter->handleRequest(null, Object(Config\Cache), false)
 5 SYSTEMPATH\Boot.php(325): CodeIgniter\CodeIgniter->run()
 6 SYSTEMPATH\Boot.php(67): CodeIgniter\Boot::runCodeIgniter(Object(CodeIgniter\CodeIgniter))
 7 FCPATH\index.php(56): CodeIgniter\Boot::bootWeb(Object(Config\Paths))
INFO - 2025-10-20 22:01:53 --> Session: Class initialized using 'CodeIgniter\Session\Handlers\FileHandler' driver.
INFO - 2025-10-20 22:01:53 --> Session: Class initialized using 'CodeIgniter\Session\Handlers\FileHandler' driver.
INFO - 2025-10-20 22:01:58 --> Session: Class initialized using 'CodeIgniter\Session\Handlers\FileHandler' driver.
CRITICAL - 2025-10-20 22:01:58 --> ErrorException: Undefined array key 0
[Method: DELETE, Route: kasir/4]
in APPPATH\Controllers\Owner\Kasir.php on line 77.
 1 APPPATH\Controllers\Owner\Kasir.php(77): CodeIgniter\Debug\Exceptions->errorHandler(2, 'Undefined array key 0', 'C:\\laragon\\www\\financial-note\\app\\Controllers\\Owner\\Kasir.php', 77)
 2 SYSTEMPATH\CodeIgniter.php(933): App\Controllers\Owner\Kasir->hapusData('4')
 3 SYSTEMPATH\CodeIgniter.php(509): CodeIgniter\CodeIgniter->runController(Object(App\Controllers\Owner\Kasir))
 4 SYSTEMPATH\CodeIgniter.php(355): CodeIgniter\CodeIgniter->handleRequest(null, Object(Config\Cache), false)
 5 SYSTEMPATH\Boot.php(325): CodeIgniter\CodeIgniter->run()
 6 SYSTEMPATH\Boot.php(67): CodeIgniter\Boot::runCodeIgniter(Object(CodeIgniter\CodeIgniter))
 7 FCPATH\index.php(56): CodeIgniter\Boot::bootWeb(Object(Config\Paths))
INFO - 2025-10-20 22:02:14 --> Session: Class initialized using 'CodeIgniter\Session\Handlers\FileHandler' driver.
INFO - 2025-10-20 22:02:14 --> Session: Class initialized using 'CodeIgniter\Session\Handlers\FileHandler' driver.
INFO - 2025-10-20 22:03:03 --> Session: Class initialized using 'CodeIgniter\Session\Handlers\FileHandler' driver.
INFO - 2025-10-20 22:03:04 --> Session: Class initialized using 'CodeIgniter\Session\Handlers\FileHandler' driver.
INFO - 2025-10-20 22:03:08 --> Session: Class initialized using 'CodeIgniter\Session\Handlers\FileHandler' driver.
INFO - 2025-10-20 22:03:09 --> Session: Class initialized using 'CodeIgniter\Session\Handlers\FileHandler' driver.
INFO - 2025-10-20 22:03:16 --> Session: Class initialized using 'CodeIgniter\Session\Handlers\FileHandler' driver.
ERROR - 2025-10-20 22:03:16 --> mysqli_sql_exception: You have an error in your SQL syntax; check the manual that corresponds to your MySQL server version for the right syntax to use near 'WHERE kode_penjualan = '3161'' at line 9 in C:\laragon\www\financial-note\system\Database\MySQLi\Connection.php:312
Stack trace:
#0 C:\laragon\www\financial-note\system\Database\MySQLi\Connection.php(312): mysqli->query('\n            UP...', 0)
#1 C:\laragon\www\financial-note\system\Database\BaseConnection.php(734): CodeIgniter\Database\MySQLi\Connection->execute('\n            UP...')
#2 C:\laragon\www\financial-note\system\Database\BaseConnection.php(648): CodeIgniter\Database\BaseConnection->simpleQuery('\n            UP...')
#3 C:\laragon\www\financial-note\system\Model.php(926): CodeIgniter\Database\BaseConnection->query('\n            UP...')
#4 C:\laragon\www\financial-note\app\Models\SaleModel.php(64): CodeIgniter\Model->__call('query', Array)
#5 C:\laragon\www\financial-note\app\Controllers\Owner\Kasir.php(63): App\Models\SaleModel->updateData(Array)
#6 C:\laragon\www\financial-note\system\CodeIgniter.php(933): App\Controllers\Owner\Kasir->index()
#7 C:\laragon\www\financial-note\system\CodeIgniter.php(509): CodeIgniter\CodeIgniter->runController(Object(App\Controllers\Owner\Kasir))
#8 C:\laragon\www\financial-note\system\CodeIgniter.php(355): CodeIgniter\CodeIgniter->handleRequest(NULL, Object(Config\Cache), false)
#9 C:\laragon\www\financial-note\system\Boot.php(325): CodeIgniter\CodeIgniter->run()
#10 C:\laragon\www\financial-note\system\Boot.php(67): CodeIgniter\Boot::runCodeIgniter(Object(CodeIgniter\CodeIgniter))
#11 C:\laragon\www\financial-note\public\index.php(56): CodeIgniter\Boot::bootWeb(Object(Config\Paths))
#12 {main}
CRITICAL - 2025-10-20 22:03:17 --> CodeIgniter\Database\Exceptions\DatabaseException: You have an error in your SQL syntax; check the manual that corresponds to your MySQL server version for the right syntax to use near 'WHERE kode_penjualan = '3161'' at line 9
[Method: POST, Route: kasir]
in SYSTEMPATH\Database\BaseConnection.php on line 688.
 1 SYSTEMPATH\Model.php(926): CodeIgniter\Database\BaseConnection->query('
            UPDATE sale
                SET 
            telp = \'\',
            customer_name = \'\',
            total_product = \'26000\',
            total_service = \'\',
            total_price = \'26000\',
            status = \'selesai\',
                WHERE kode_penjualan = \'3161\'
        ')
 2 APPPATH\Models\SaleModel.php(64): CodeIgniter\Model->__call('query', [...])
 3 APPPATH\Controllers\Owner\Kasir.php(63): App\Models\SaleModel->updateData([...])
 4 SYSTEMPATH\CodeIgniter.php(933): App\Controllers\Owner\Kasir->index()
 5 SYSTEMPATH\CodeIgniter.php(509): CodeIgniter\CodeIgniter->runController(Object(App\Controllers\Owner\Kasir))
 6 SYSTEMPATH\CodeIgniter.php(355): CodeIgniter\CodeIgniter->handleRequest(null, Object(Config\Cache), false)
 7 SYSTEMPATH\Boot.php(325): CodeIgniter\CodeIgniter->run()
 8 SYSTEMPATH\Boot.php(67): CodeIgniter\Boot::runCodeIgniter(Object(CodeIgniter\CodeIgniter))
 9 FCPATH\index.php(56): CodeIgniter\Boot::bootWeb(Object(Config\Paths))
CRITICAL - 2025-10-20 22:03:17 --> [Caused by] CodeIgniter\Database\Exceptions\DatabaseException: You have an error in your SQL syntax; check the manual that corresponds to your MySQL server version for the right syntax to use near 'WHERE kode_penjualan = '3161'' at line 9
in SYSTEMPATH\Database\MySQLi\Connection.php on line 317.
 1 SYSTEMPATH\Database\BaseConnection.php(734): CodeIgniter\Database\MySQLi\Connection->execute('
            UPDATE sale
                SET 
            telp = \'\',
            customer_name = \'\',
            total_product = \'26000\',
            total_service = \'\',
            total_price = \'26000\',
            status = \'selesai\',
                WHERE kode_penjualan = \'3161\'
        ')
 2 SYSTEMPATH\Database\BaseConnection.php(648): CodeIgniter\Database\BaseConnection->simpleQuery('
            UPDATE sale
                SET 
            telp = \'\',
            customer_name = \'\',
            total_product = \'26000\',
            total_service = \'\',
            total_price = \'26000\',
            status = \'selesai\',
                WHERE kode_penjualan = \'3161\'
        ')
 3 SYSTEMPATH\Model.php(926): CodeIgniter\Database\BaseConnection->query('
            UPDATE sale
                SET 
            telp = \'\',
            customer_name = \'\',
            total_product = \'26000\',
            total_service = \'\',
            total_price = \'26000\',
            status = \'selesai\',
                WHERE kode_penjualan = \'3161\'
        ')
 4 APPPATH\Models\SaleModel.php(64): CodeIgniter\Model->__call('query', [...])
 5 APPPATH\Controllers\Owner\Kasir.php(63): App\Models\SaleModel->updateData([...])
 6 SYSTEMPATH\CodeIgniter.php(933): App\Controllers\Owner\Kasir->index()
 7 SYSTEMPATH\CodeIgniter.php(509): CodeIgniter\CodeIgniter->runController(Object(App\Controllers\Owner\Kasir))
 8 SYSTEMPATH\CodeIgniter.php(355): CodeIgniter\CodeIgniter->handleRequest(null, Object(Config\Cache), false)
 9 SYSTEMPATH\Boot.php(325): CodeIgniter\CodeIgniter->run()
10 SYSTEMPATH\Boot.php(67): CodeIgniter\Boot::runCodeIgniter(Object(CodeIgniter\CodeIgniter))
11 FCPATH\index.php(56): CodeIgniter\Boot::bootWeb(Object(Config\Paths))
CRITICAL - 2025-10-20 22:03:17 --> [Caused by] mysqli_sql_exception: You have an error in your SQL syntax; check the manual that corresponds to your MySQL server version for the right syntax to use near 'WHERE kode_penjualan = '3161'' at line 9
in SYSTEMPATH\Database\MySQLi\Connection.php on line 312.
 1 SYSTEMPATH\Database\MySQLi\Connection.php(312): mysqli->query('
            UPDATE sale
                SET 
            telp = \'\',
            customer_name = \'\',
            total_product = \'26000\',
            total_service = \'\',
            total_price = \'26000\',
            status = \'selesai\',
                WHERE kode_penjualan = \'3161\'
        ', 0)
 2 SYSTEMPATH\Database\BaseConnection.php(734): CodeIgniter\Database\MySQLi\Connection->execute('
            UPDATE sale
                SET 
            telp = \'\',
            customer_name = \'\',
            total_product = \'26000\',
            total_service = \'\',
            total_price = \'26000\',
            status = \'selesai\',
                WHERE kode_penjualan = \'3161\'
        ')
 3 SYSTEMPATH\Database\BaseConnection.php(648): CodeIgniter\Database\BaseConnection->simpleQuery('
            UPDATE sale
                SET 
            telp = \'\',
            customer_name = \'\',
            total_product = \'26000\',
            total_service = \'\',
            total_price = \'26000\',
            status = \'selesai\',
                WHERE kode_penjualan = \'3161\'
        ')
 4 SYSTEMPATH\Model.php(926): CodeIgniter\Database\BaseConnection->query('
            UPDATE sale
                SET 
            telp = \'\',
            customer_name = \'\',
            total_product = \'26000\',
            total_service = \'\',
            total_price = \'26000\',
            status = \'selesai\',
                WHERE kode_penjualan = \'3161\'
        ')
 5 APPPATH\Models\SaleModel.php(64): CodeIgniter\Model->__call('query', [...])
 6 APPPATH\Controllers\Owner\Kasir.php(63): App\Models\SaleModel->updateData([...])
 7 SYSTEMPATH\CodeIgniter.php(933): App\Controllers\Owner\Kasir->index()
 8 SYSTEMPATH\CodeIgniter.php(509): CodeIgniter\CodeIgniter->runController(Object(App\Controllers\Owner\Kasir))
 9 SYSTEMPATH\CodeIgniter.php(355): CodeIgniter\CodeIgniter->handleRequest(null, Object(Config\Cache), false)
10 SYSTEMPATH\Boot.php(325): CodeIgniter\CodeIgniter->run()
11 SYSTEMPATH\Boot.php(67): CodeIgniter\Boot::runCodeIgniter(Object(CodeIgniter\CodeIgniter))
12 FCPATH\index.php(56): CodeIgniter\Boot::bootWeb(Object(Config\Paths))
INFO - 2025-10-20 22:03:43 --> Session: Class initialized using 'CodeIgniter\Session\Handlers\FileHandler' driver.
INFO - 2025-10-20 22:03:45 --> Session: Class initialized using 'CodeIgniter\Session\Handlers\FileHandler' driver.
INFO - 2025-10-20 22:03:45 --> Session: Class initialized using 'CodeIgniter\Session\Handlers\FileHandler' driver.
INFO - 2025-10-20 22:03:51 --> Session: Class initialized using 'CodeIgniter\Session\Handlers\FileHandler' driver.
INFO - 2025-10-20 22:03:51 --> Session: Class initialized using 'CodeIgniter\Session\Handlers\FileHandler' driver.
INFO - 2025-10-20 22:04:03 --> Session: Class initialized using 'CodeIgniter\Session\Handlers\FileHandler' driver.
INFO - 2025-10-20 22:04:04 --> Session: Class initialized using 'CodeIgniter\Session\Handlers\FileHandler' driver.
INFO - 2025-10-20 22:04:07 --> Session: Class initialized using 'CodeIgniter\Session\Handlers\FileHandler' driver.
CRITICAL - 2025-10-20 22:04:07 --> ErrorException: Undefined array key 0
[Method: DELETE, Route: kasir/8]
in APPPATH\Controllers\Owner\Kasir.php on line 77.
 1 APPPATH\Controllers\Owner\Kasir.php(77): CodeIgniter\Debug\Exceptions->errorHandler(2, 'Undefined array key 0', 'C:\\laragon\\www\\financial-note\\app\\Controllers\\Owner\\Kasir.php', 77)
 2 SYSTEMPATH\CodeIgniter.php(933): App\Controllers\Owner\Kasir->hapusData('8')
 3 SYSTEMPATH\CodeIgniter.php(509): CodeIgniter\CodeIgniter->runController(Object(App\Controllers\Owner\Kasir))
 4 SYSTEMPATH\CodeIgniter.php(355): CodeIgniter\CodeIgniter->handleRequest(null, Object(Config\Cache), false)
 5 SYSTEMPATH\Boot.php(325): CodeIgniter\CodeIgniter->run()
 6 SYSTEMPATH\Boot.php(67): CodeIgniter\Boot::runCodeIgniter(Object(CodeIgniter\CodeIgniter))
 7 FCPATH\index.php(56): CodeIgniter\Boot::bootWeb(Object(Config\Paths))
INFO - 2025-10-20 22:04:13 --> Session: Class initialized using 'CodeIgniter\Session\Handlers\FileHandler' driver.
INFO - 2025-10-20 22:04:13 --> Session: Class initialized using 'CodeIgniter\Session\Handlers\FileHandler' driver.
INFO - 2025-10-20 22:05:22 --> Session: Class initialized using 'CodeIgniter\Session\Handlers\FileHandler' driver.
INFO - 2025-10-20 22:05:36 --> Session: Class initialized using 'CodeIgniter\Session\Handlers\FileHandler' driver.
INFO - 2025-10-20 22:05:36 --> Session: Class initialized using 'CodeIgniter\Session\Handlers\FileHandler' driver.
INFO - 2025-10-20 22:05:42 --> Session: Class initialized using 'CodeIgniter\Session\Handlers\FileHandler' driver.
INFO - 2025-10-20 22:05:42 --> Session: Class initialized using 'CodeIgniter\Session\Handlers\FileHandler' driver.
INFO - 2025-10-20 22:05:47 --> Session: Class initialized using 'CodeIgniter\Session\Handlers\FileHandler' driver.
CRITICAL - 2025-10-20 22:05:47 --> ErrorException: Undefined array key "total_service"
[Method: POST, Route: kasir]
in APPPATH\Controllers\Owner\Kasir.php on line 62.
 1 APPPATH\Controllers\Owner\Kasir.php(62): CodeIgniter\Debug\Exceptions->errorHandler(2, 'Undefined array key "total_service"', 'C:\\laragon\\www\\financial-note\\app\\Controllers\\Owner\\Kasir.php', 62)
 2 SYSTEMPATH\CodeIgniter.php(933): App\Controllers\Owner\Kasir->index()
 3 SYSTEMPATH\CodeIgniter.php(509): CodeIgniter\CodeIgniter->runController(Object(App\Controllers\Owner\Kasir))
 4 SYSTEMPATH\CodeIgniter.php(355): CodeIgniter\CodeIgniter->handleRequest(null, Object(Config\Cache), false)
 5 SYSTEMPATH\Boot.php(325): CodeIgniter\CodeIgniter->run()
 6 SYSTEMPATH\Boot.php(67): CodeIgniter\Boot::runCodeIgniter(Object(CodeIgniter\CodeIgniter))
 7 FCPATH\index.php(56): CodeIgniter\Boot::bootWeb(Object(Config\Paths))
INFO - 2025-10-20 22:06:33 --> Session: Class initialized using 'CodeIgniter\Session\Handlers\FileHandler' driver.
INFO - 2025-10-20 22:06:35 --> Session: Class initialized using 'CodeIgniter\Session\Handlers\FileHandler' driver.
INFO - 2025-10-20 22:06:35 --> Session: Class initialized using 'CodeIgniter\Session\Handlers\FileHandler' driver.
INFO - 2025-10-20 22:06:46 --> Session: Class initialized using 'CodeIgniter\Session\Handlers\FileHandler' driver.
INFO - 2025-10-20 22:06:46 --> Session: Class initialized using 'CodeIgniter\Session\Handlers\FileHandler' driver.
INFO - 2025-10-20 22:06:48 --> Session: Class initialized using 'CodeIgniter\Session\Handlers\FileHandler' driver.
INFO - 2025-10-20 22:06:49 --> Session: Class initialized using 'CodeIgniter\Session\Handlers\FileHandler' driver.
INFO - 2025-10-20 22:07:06 --> Session: Class initialized using 'CodeIgniter\Session\Handlers\FileHandler' driver.
INFO - 2025-10-20 22:07:06 --> Session: Class initialized using 'CodeIgniter\Session\Handlers\FileHandler' driver.
INFO - 2025-10-20 22:07:11 --> Session: Class initialized using 'CodeIgniter\Session\Handlers\FileHandler' driver.
INFO - 2025-10-20 22:07:11 --> Session: Class initialized using 'CodeIgniter\Session\Handlers\FileHandler' driver.
INFO - 2025-10-20 22:07:13 --> Session: Class initialized using 'CodeIgniter\Session\Handlers\FileHandler' driver.
INFO - 2025-10-20 22:07:13 --> Session: Class initialized using 'CodeIgniter\Session\Handlers\FileHandler' driver.
INFO - 2025-10-20 22:07:20 --> Session: Class initialized using 'CodeIgniter\Session\Handlers\FileHandler' driver.
INFO - 2025-10-20 22:07:20 --> Session: Class initialized using 'CodeIgniter\Session\Handlers\FileHandler' driver.
INFO - 2025-10-20 22:07:29 --> Session: Class initialized using 'CodeIgniter\Session\Handlers\FileHandler' driver.
INFO - 2025-10-20 22:07:30 --> Session: Class initialized using 'CodeIgniter\Session\Handlers\FileHandler' driver.
INFO - 2025-10-20 22:07:31 --> Session: Class initialized using 'CodeIgniter\Session\Handlers\FileHandler' driver.
INFO - 2025-10-20 22:07:32 --> Session: Class initialized using 'CodeIgniter\Session\Handlers\FileHandler' driver.
INFO - 2025-10-20 22:07:37 --> Session: Class initialized using 'CodeIgniter\Session\Handlers\FileHandler' driver.
INFO - 2025-10-20 22:07:37 --> Session: Class initialized using 'CodeIgniter\Session\Handlers\FileHandler' driver.
INFO - 2025-10-20 22:07:47 --> Session: Class initialized using 'CodeIgniter\Session\Handlers\FileHandler' driver.
INFO - 2025-10-20 22:07:51 --> Session: Class initialized using 'CodeIgniter\Session\Handlers\FileHandler' driver.
INFO - 2025-10-20 22:07:53 --> Session: Class initialized using 'CodeIgniter\Session\Handlers\FileHandler' driver.
INFO - 2025-10-20 22:07:55 --> Session: Class initialized using 'CodeIgniter\Session\Handlers\FileHandler' driver.
