INFO - 2025-10-30 22:29:13 --> Session: Class initialized using 'CodeIgniter\Session\Handlers\FileHandler' driver.
INFO - 2025-10-30 22:29:44 --> Session: Class initialized using 'CodeIgniter\Session\Handlers\FileHandler' driver.
INFO - 2025-10-30 22:29:45 --> Session: Class initialized using 'CodeIgniter\Session\Handlers\FileHandler' driver.
INFO - 2025-10-30 22:29:59 --> Session: Class initialized using 'CodeIgniter\Session\Handlers\FileHandler' driver.
INFO - 2025-10-30 22:30:09 --> Session: Class initialized using 'CodeIgniter\Session\Handlers\FileHandler' driver.
INFO - 2025-10-30 22:30:09 --> Session: Class initialized using 'CodeIgniter\Session\Handlers\FileHandler' driver.
INFO - 2025-10-30 22:30:12 --> Session: Class initialized using 'CodeIgniter\Session\Handlers\FileHandler' driver.
INFO - 2025-10-30 22:30:30 --> Session: Class initialized using 'CodeIgniter\Session\Handlers\FileHandler' driver.
INFO - 2025-10-30 22:30:34 --> Session: Class initialized using 'CodeIgniter\Session\Handlers\FileHandler' driver.
INFO - 2025-10-30 22:30:38 --> Session: Class initialized using 'CodeIgniter\Session\Handlers\FileHandler' driver.
CRITICAL - 2025-10-30 22:30:38 --> Error: Call to a member function getDataPembelianByKodePembelianAndKodeSupplierAndStatus() on null
[Method: POST, Route: supplier/5]
in APPPATH\Controllers\Owner\Supplier.php on line 81.
 1 SYSTEMPATH\CodeIgniter.php(933): App\Controllers\Owner\Supplier->detail('5')
 2 SYSTEMPATH\CodeIgniter.php(509): CodeIgniter\CodeIgniter->runController(Object(App\Controllers\Owner\Supplier))
 3 SYSTEMPATH\CodeIgniter.php(355): CodeIgniter\CodeIgniter->handleRequest(null, Object(Config\Cache), false)
 4 SYSTEMPATH\Boot.php(325): CodeIgniter\CodeIgniter->run()
 5 SYSTEMPATH\Boot.php(67): CodeIgniter\Boot::runCodeIgniter(Object(CodeIgniter\CodeIgniter))
 6 FCPATH\index.php(56): CodeIgniter\Boot::bootWeb(Object(Config\Paths))
INFO - 2025-10-30 22:31:52 --> Session: Class initialized using 'CodeIgniter\Session\Handlers\FileHandler' driver.
CRITICAL - 2025-10-30 22:31:52 --> ErrorException: Undefined variable $carts
[Method: GET, Route: supplier/5]
in APPPATH\Views\Owner\Supplier\detail.php on line 76.
 1 APPPATH\Views\Owner\Supplier\detail.php(76): CodeIgniter\Debug\Exceptions->errorHandler(2, 'Undefined variable $carts', 'C:\\laragon\\www\\financial-note\\app\\Views\\Owner\\Supplier\\detail.php', 76)
 2 SYSTEMPATH\View\View.php(234): include('C:\\laragon\\www\\financial-note\\app\\Views\\Owner\\Supplier\\detail.php')
 3 SYSTEMPATH\View\View.php(237): CodeIgniter\View\View->CodeIgniter\View\{closure}()
 4 SYSTEMPATH\Common.php(1171): CodeIgniter\View\View->render('Owner/Supplier/detail', [], true)
 5 APPPATH\Controllers\Owner\Supplier.php(108): view('Owner/Supplier/detail', [...])
 6 SYSTEMPATH\CodeIgniter.php(933): App\Controllers\Owner\Supplier->detail('5')
 7 SYSTEMPATH\CodeIgniter.php(509): CodeIgniter\CodeIgniter->runController(Object(App\Controllers\Owner\Supplier))
 8 SYSTEMPATH\CodeIgniter.php(355): CodeIgniter\CodeIgniter->handleRequest(null, Object(Config\Cache), false)
 9 SYSTEMPATH\Boot.php(325): CodeIgniter\CodeIgniter->run()
10 SYSTEMPATH\Boot.php(67): CodeIgniter\Boot::runCodeIgniter(Object(CodeIgniter\CodeIgniter))
11 FCPATH\index.php(56): CodeIgniter\Boot::bootWeb(Object(Config\Paths))
INFO - 2025-10-30 22:31:55 --> Session: Class initialized using 'CodeIgniter\Session\Handlers\FileHandler' driver.
INFO - 2025-10-30 22:31:58 --> Session: Class initialized using 'CodeIgniter\Session\Handlers\FileHandler' driver.
INFO - 2025-10-30 22:32:02 --> Session: Class initialized using 'CodeIgniter\Session\Handlers\FileHandler' driver.
CRITICAL - 2025-10-30 22:32:02 --> ErrorException: Undefined array key "status"
[Method: POST, Route: supplier/5]
in APPPATH\Controllers\Owner\Supplier.php on line 84.
 1 APPPATH\Controllers\Owner\Supplier.php(84): CodeIgniter\Debug\Exceptions->errorHandler(2, 'Undefined array key "status"', 'C:\\laragon\\www\\financial-note\\app\\Controllers\\Owner\\Supplier.php', 84)
 2 SYSTEMPATH\CodeIgniter.php(933): App\Controllers\Owner\Supplier->detail('5')
 3 SYSTEMPATH\CodeIgniter.php(509): CodeIgniter\CodeIgniter->runController(Object(App\Controllers\Owner\Supplier))
 4 SYSTEMPATH\CodeIgniter.php(355): CodeIgniter\CodeIgniter->handleRequest(null, Object(Config\Cache), false)
 5 SYSTEMPATH\Boot.php(325): CodeIgniter\CodeIgniter->run()
 6 SYSTEMPATH\Boot.php(67): CodeIgniter\Boot::runCodeIgniter(Object(CodeIgniter\CodeIgniter))
 7 FCPATH\index.php(56): CodeIgniter\Boot::bootWeb(Object(Config\Paths))
